#
# There is insufficient memory for the Java Runtime Environment to continue.
# Native memory allocation (malloc) failed to allocate 1646848 bytes. Error detail: Chunk::new
# Possible reasons:
#   The system is out of physical RAM or swap space
#   This process is running with CompressedOops enabled, and the Java Heap may be blocking the growth of the native heap
# Possible solutions:
#   Reduce memory load on the system
#   Increase physical memory or swap space
#   Check if swap backing store is full
#   Decrease Java heap size (-Xmx/-Xms)
#   Decrease number of Java threads
#   Decrease Java thread stack sizes (-Xss)
#   Set larger code cache with -XX:ReservedCodeCacheSize=
#   JVM is running with Unscaled Compressed Oops mode in which the Java heap is
#     placed in the first 4GB address space. The Java Heap base address is the
#     maximum limit for the native heap growth. Please use -XX:HeapBaseMinAddress
#     to set the Java Heap base and to place the Java Heap above 4GB virtual address.
# This output file may be truncated or incomplete.
#
#  Out of Memory Error (arena.cpp:168), pid=26400, tid=27688
#
# JRE version: OpenJDK Runtime Environment Temurin-21.0.10+7 (21.0.10+7) (build 21.0.10+7-LTS)
# Java VM: OpenJDK 64-Bit Server VM Temurin-21.0.10+7 (21.0.10+7-LTS, mixed mode, sharing, tiered, compressed oops, compressed class ptrs, parallel gc, windows-amd64)
# No core dump will be written. Minidumps are not enabled by default on client versions of Windows
#

---------------  S U M M A R Y ------------

Command Line: --add-modules=ALL-SYSTEM --add-opens=java.base/java.util=ALL-UNNAMED --add-opens=java.base/java.lang=ALL-UNNAMED --add-opens=java.base/sun.nio.fs=ALL-UNNAMED -Declipse.application=org.eclipse.jdt.ls.core.id1 -Dosgi.bundles.defaultStartLevel=4 -Declipse.product=org.eclipse.jdt.ls.core.product -Djava.import.generatesMetadataFilesAtProjectRoot=false -DDetectVMInstallationsJob.disabled=true -Dfile.encoding=utf8 -XX:+UseParallelGC -XX:GCTimeRatio=4 -XX:AdaptiveSizePolicyWeight=90 -Dsun.zip.disableMemoryMapping=true -Xmx2G -Xms100m -Xlog:disable -javaagent:c:\Users\Rafael-PC\.vscode\extensions\redhat.java-1.53.0-win32-x64\lombok\lombok-1.18.39-4050.jar -XX:+HeapDumpOnOutOfMemoryError -XX:HeapDumpPath=c:\Users\Rafael-PC\AppData\Roaming\Code\User\workspaceStorage\27d047150b2450a5685d364ec241ba05\redhat.java -Daether.dependencyCollector.impl=bf c:\Users\Rafael-PC\.vscode\extensions\redhat.java-1.53.0-win32-x64\server\plugins\org.eclipse.equinox.launcher_1.7.100.v20251111-0406.jar -configuration c:\Users\Rafael-PC\AppData\Roaming\Code\User\globalStorage\redhat.java\1.53.0\config_win -data c:\Users\Rafael-PC\AppData\Roaming\Code\User\workspaceStorage\27d047150b2450a5685d364ec241ba05\redhat.java\jdt_ws --pipe=\\.\pipe\lsp-16304b7112803002aefd65304e3a068a-sock

Host: AMD Ryzen 5 5500U with Radeon Graphics         , 12 cores, 23G,  Windows 11 , 64 bit Build 26100 (10.0.26100.7920)
Time: Thu Apr  2 12:14:16 2026 Malay Peninsula Standard Time elapsed time: 5.374136 seconds (0d 0h 0m 5s)

---------------  T H R E A D  ---------------

Current thread (0x00000239058c22f0):  JavaThread "C2 CompilerThread0" daemon [_thread_in_native, id=27688, stack(0x00000049a5700000,0x00000049a5800000) (1024K)]


Current CompileTask:
C2:5374 4331       4       org.lombokweb.asm.ClassReader::readMethod (1070 bytes)

Stack: [0x00000049a5700000,0x00000049a5800000]
Native frames: (J=compiled Java code, j=interpreted, Vv=VM code, C=native code)
V  [jvm.dll+0x6d7a39]
V  [jvm.dll+0x8b4b26]
V  [jvm.dll+0x8b70de]
V  [jvm.dll+0x8b77c3]
V  [jvm.dll+0x284346]
V  [jvm.dll+0xc66ed]
V  [jvm.dll+0xc6c31]
V  [jvm.dll+0x3bec3b]
V  [jvm.dll+0x1e3d62]
V  [jvm.dll+0x24c6b3]
V  [jvm.dll+0x24bb40]
V  [jvm.dll+0x1cb34e]
V  [jvm.dll+0x25b85d]
V  [jvm.dll+0x259dea]
V  [jvm.dll+0x3f857e]
V  [jvm.dll+0x85f59d]
V  [jvm.dll+0x6d626d]
C  [ucrtbase.dll+0x37b0]
C  [KERNEL32.DLL+0x2e8d7]
C  [ntdll.dll+0x8c48c]


---------------  P R O C E S S  ---------------

Threads class SMR info:
_java_thread_list=0x000002390db83d80, length=43, elements={
0x00000238acb3e690, 0x00000238acbe43a0, 0x00000238acaee770, 0x00000238acbe86f0,
0x00000238acbeb830, 0x00000238acbed8f0, 0x00000238acbf19f0, 0x00000239058c22f0,
0x00000239058c3660, 0x0000023905b37b00, 0x0000023905c7e870, 0x000002390b81f0f0,
0x000002390b262d50, 0x000002390b70a730, 0x000002390b9b3dd0, 0x000002390bffd4f0,
0x000002390bffa8f0, 0x000002390bd10090, 0x000002390bd0f370, 0x000002390c3cc790,
0x000002390c3cba70, 0x000002390c3cb3e0, 0x000002390be91e30, 0x000002390c92e0e0,
0x000002390c3cc100, 0x000002390c3cce20, 0x000002390c3cd4b0, 0x000002390c3cdb40,
0x000002390c3cad50, 0x000002390db530f0, 0x000002390db53e10, 0x000002390db53780,
0x000002390db51020, 0x000002390db54b30, 0x000002390db544a0, 0x000002390db516b0,
0x000002390db523d0, 0x000002390db551c0, 0x000002390db51d40, 0x000002390db55850,
0x000002390db55ee0, 0x000002390db52a60, 0x000002390db56570
}

Java Threads: ( => current thread )
  0x00000238acb3e690 JavaThread "main"                              [_thread_in_native, id=21652, stack(0x00000049a4d00000,0x00000049a4e00000) (1024K)]
  0x00000238acbe43a0 JavaThread "Reference Handler"          daemon [_thread_blocked, id=26288, stack(0x00000049a5100000,0x00000049a5200000) (1024K)]
  0x00000238acaee770 JavaThread "Finalizer"                  daemon [_thread_blocked, id=26796, stack(0x00000049a5200000,0x00000049a5300000) (1024K)]
  0x00000238acbe86f0 JavaThread "Signal Dispatcher"          daemon [_thread_blocked, id=14712, stack(0x00000049a5300000,0x00000049a5400000) (1024K)]
  0x00000238acbeb830 JavaThread "Attach Listener"            daemon [_thread_blocked, id=25496, stack(0x00000049a5400000,0x00000049a5500000) (1024K)]
  0x00000238acbed8f0 JavaThread "Service Thread"             daemon [_thread_blocked, id=10296, stack(0x00000049a5500000,0x00000049a5600000) (1024K)]
  0x00000238acbf19f0 JavaThread "Monitor Deflation Thread"   daemon [_thread_blocked, id=8160, stack(0x00000049a5600000,0x00000049a5700000) (1024K)]
=>0x00000239058c22f0 JavaThread "C2 CompilerThread0"         daemon [_thread_in_native, id=27688, stack(0x00000049a5700000,0x00000049a5800000) (1024K)]
  0x00000239058c3660 JavaThread "C1 CompilerThread0"         daemon [_thread_blocked, id=28352, stack(0x00000049a5800000,0x00000049a5900000) (1024K)]
  0x0000023905b37b00 JavaThread "Common-Cleaner"             daemon [_thread_blocked, id=26844, stack(0x00000049a5a00000,0x00000049a5b00000) (1024K)]
  0x0000023905c7e870 JavaThread "Notification Thread"        daemon [_thread_blocked, id=27100, stack(0x00000049a5b00000,0x00000049a5c00000) (1024K)]
  0x000002390b81f0f0 JavaThread "Active Thread: Equinox Container: 490c1484-135a-4240-a036-3896d2b98fa2"        [_thread_blocked, id=11996, stack(0x00000049a6300000,0x00000049a6400000) (1024K)]
  0x000002390b262d50 JavaThread "Refresh Thread: Equinox Container: 490c1484-135a-4240-a036-3896d2b98fa2" daemon [_thread_blocked, id=18256, stack(0x00000049a6500000,0x00000049a6600000) (1024K)]
  0x000002390b70a730 JavaThread "Framework Event Dispatcher: Equinox Container: 490c1484-135a-4240-a036-3896d2b98fa2" daemon [_thread_blocked, id=27992, stack(0x00000049a6600000,0x00000049a6700000) (1024K)]
  0x000002390b9b3dd0 JavaThread "Start Level: Equinox Container: 490c1484-135a-4240-a036-3896d2b98fa2" daemon [_thread_blocked, id=21760, stack(0x00000049a6700000,0x00000049a6800000) (1024K)]
  0x000002390bffd4f0 JavaThread "Bundle File Closer"         daemon [_thread_blocked, id=21188, stack(0x00000049a6a00000,0x00000049a6b00000) (1024K)]
  0x000002390bffa8f0 JavaThread "SCR Component Actor"        daemon [_thread_blocked, id=18348, stack(0x00000049a6b00000,0x00000049a6c00000) (1024K)]
  0x000002390bd10090 JavaThread "Worker-JM"                         [_thread_blocked, id=26640, stack(0x00000049a6c00000,0x00000049a6d00000) (1024K)]
  0x000002390bd0f370 JavaThread "JNA Cleaner"                daemon [_thread_blocked, id=27380, stack(0x00000049a6d00000,0x00000049a6e00000) (1024K)]
  0x000002390c3cc790 JavaThread "Worker-0: Processing Java changes since last activation"        [_thread_blocked, id=24864, stack(0x00000049a6e00000,0x00000049a6f00000) (1024K)]
  0x000002390c3cba70 JavaThread "Worker-1: Updating Maven Dependencies"        [_thread_blocked, id=28012, stack(0x00000049a6f00000,0x00000049a7000000) (1024K)]
  0x000002390c3cb3e0 JavaThread "Worker-2: Building"                [_thread_in_native, id=15724, stack(0x00000049a7000000,0x00000049a7100000) (1024K)]
  0x000002390be91e30 JavaThread "C2 CompilerThread1"         daemon [_thread_in_native, id=13100, stack(0x00000049a5900000,0x00000049a5a00000) (1024K)]
  0x000002390c92e0e0 JavaThread "C2 CompilerThread2"         daemon [_thread_in_vm, id=21928, stack(0x00000049a5c00000,0x00000049a5d00000) (1024K)]
  0x000002390c3cc100 JavaThread "Java indexing"              daemon [_thread_blocked, id=18956, stack(0x00000049a7100000,0x00000049a7200000) (1024K)]
  0x000002390c3cce20 JavaThread "Worker-3: Repository registry initialization"        [_thread_in_Java, id=23840, stack(0x00000049a7200000,0x00000049a7300000) (1024K)]
  0x000002390c3cd4b0 JavaThread "Worker-4: Initialize After Load"        [_thread_blocked, id=27568, stack(0x00000049a7500000,0x00000049a7600000) (1024K)]
  0x000002390c3cdb40 JavaThread "Worker-5: Loading available Gradle versions"        [_thread_blocked, id=20072, stack(0x00000049a7600000,0x00000049a7700000) (1024K)]
  0x000002390c3cad50 JavaThread "Worker-6: Load persistent model for all projects"        [_thread_in_vm, id=5924, stack(0x00000049a7700000,0x00000049a7800000) (1024K)]
  0x000002390db530f0 JavaThread "Worker-7"                          [_thread_blocked, id=26648, stack(0x00000049a7800000,0x00000049a7900000) (1024K)]
  0x000002390db53e10 JavaThread "Thread-1"                   daemon [_thread_in_native, id=21252, stack(0x00000049a7900000,0x00000049a7a00000) (1024K)]
  0x000002390db53780 JavaThread "Thread-2"                   daemon [_thread_in_native, id=27032, stack(0x00000049a7a00000,0x00000049a7b00000) (1024K)]
  0x000002390db51020 JavaThread "Thread-3"                   daemon [_thread_in_native, id=25732, stack(0x00000049a7b00000,0x00000049a7c00000) (1024K)]
  0x000002390db54b30 JavaThread "Thread-4"                   daemon [_thread_in_native, id=12216, stack(0x00000049a7c00000,0x00000049a7d00000) (1024K)]
  0x000002390db544a0 JavaThread "Thread-5"                   daemon [_thread_in_native, id=12512, stack(0x00000049a7d00000,0x00000049a7e00000) (1024K)]
  0x000002390db516b0 JavaThread "Thread-6"                   daemon [_thread_in_native, id=12508, stack(0x00000049a7e00000,0x00000049a7f00000) (1024K)]
  0x000002390db523d0 JavaThread "Thread-7"                   daemon [_thread_in_native, id=25952, stack(0x00000049a7f00000,0x00000049a8000000) (1024K)]
  0x000002390db551c0 JavaThread "Thread-8"                   daemon [_thread_in_native, id=8876, stack(0x00000049a8000000,0x00000049a8100000) (1024K)]
  0x000002390db51d40 JavaThread "Thread-9"                   daemon [_thread_in_native, id=7228, stack(0x00000049a8100000,0x00000049a8200000) (1024K)]
  0x000002390db55850 JavaThread "Thread-10"                  daemon [_thread_in_native, id=7676, stack(0x00000049a8200000,0x00000049a8300000) (1024K)]
  0x000002390db55ee0 JavaThread "Thread-11"                  daemon [_thread_in_native, id=14732, stack(0x00000049a8300000,0x00000049a8400000) (1024K)]
  0x000002390db52a60 JavaThread "Thread-12"                  daemon [_thread_in_native, id=4392, stack(0x00000049a8400000,0x00000049a8500000) (1024K)]
  0x000002390db56570 JavaThread "Thread-13"                  daemon [_thread_in_native, id=7868, stack(0x00000049a8500000,0x00000049a8600000) (1024K)]
Total: 43

Other Threads:
  0x00000238acbdf900 VMThread "VM Thread"                           [id=27576, stack(0x00000049a5000000,0x00000049a5100000) (1024K)]
  0x00000238ac9cc8d0 WatcherThread "VM Periodic Task Thread"        [id=15876, stack(0x00000049a4f00000,0x00000049a5000000) (1024K)]
  0x00000238acb5cd90 WorkerThread "GC Thread#0"                     [id=26652, stack(0x00000049a4e00000,0x00000049a4f00000) (1024K)]
  0x000002390b5d6c70 WorkerThread "GC Thread#1"                     [id=6912, stack(0x00000049a5d00000,0x00000049a5e00000) (1024K)]
  0x000002390b5d7020 WorkerThread "GC Thread#2"                     [id=13752, stack(0x00000049a5e00000,0x00000049a5f00000) (1024K)]
  0x000002390b2be070 WorkerThread "GC Thread#3"                     [id=25108, stack(0x00000049a5f00000,0x00000049a6000000) (1024K)]
  0x000002390b2be420 WorkerThread "GC Thread#4"                     [id=28212, stack(0x00000049a6000000,0x00000049a6100000) (1024K)]
  0x000002390b63d330 WorkerThread "GC Thread#5"                     [id=28064, stack(0x00000049a6100000,0x00000049a6200000) (1024K)]
  0x000002390b63d6e0 WorkerThread "GC Thread#6"                     [id=25160, stack(0x00000049a6200000,0x00000049a6300000) (1024K)]
  0x000002390b8f6220 WorkerThread "GC Thread#7"                     [id=25340, stack(0x00000049a6400000,0x00000049a6500000) (1024K)]
  0x000002390bd292c0 WorkerThread "GC Thread#8"                     [id=8916, stack(0x00000049a6800000,0x00000049a6900000) (1024K)]
  0x000002390bc40240 WorkerThread "GC Thread#9"                     [id=26308, stack(0x00000049a6900000,0x00000049a6a00000) (1024K)]
Total: 12

Threads with active compile tasks:
C2 CompilerThread0  5408 4331       4       org.lombokweb.asm.ClassReader::readMethod (1070 bytes)
C1 CompilerThread0  5408 4705       3       java.util.Properties$LineReader::readLine (584 bytes)
C2 CompilerThread1  5408 4426       4       org.eclipse.osgi.internal.serviceregistry.ServiceRegistry::notifyHooksPrivileged (57 bytes)
C2 CompilerThread2  5408 4591       4       java.util.TreeMap::addEntry (59 bytes)
Total: 4

VM state: not at safepoint (normal execution)

VM Mutex/Monitor currently owned by a thread: None

Heap address: 0x0000000080000000, size: 2048 MB, Compressed Oops mode: 32-bit

CDS archive(s) mapped at: [0x00000238c4000000-0x00000238c4ba0000-0x00000238c4ba0000), size 12189696, SharedBaseAddress: 0x00000238c4000000, ArchiveRelocationMode: 1.
Compressed class space mapped at: 0x00000238c5000000-0x0000023905000000, reserved size: 1073741824
Narrow klass base: 0x00000238c4000000, Narrow klass shift: 0, Narrow klass range: 0x100000000

GC Precious Log:
 CardTable entry size: 512
 CPUs: 12 total, 12 available
 Memory: 23925M
 Large Page Support: Disabled
 NUMA Support: Disabled
 Compressed Oops: Enabled (32-bit)
 Alignments: Space 512K, Generation 512K, Heap 2M
 Heap Min Capacity: 100M
 Heap Initial Capacity: 100M
 Heap Max Capacity: 2G
 Pre-touch: Disabled
 Parallel Workers: 10

Heap:
 PSYoungGen      total 23552K, used 13258K [0x00000000d5580000, 0x00000000d7200000, 0x0000000100000000)
  eden space 22016K, 53% used [0x00000000d5580000,0x00000000d60f8300,0x00000000d6b00000)
  from space 1536K, 98% used [0x00000000d6f00000,0x00000000d707a800,0x00000000d7080000)
  to   space 3584K, 0% used [0x00000000d6b00000,0x00000000d6b00000,0x00000000d6e80000)
 ParOldGen       total 68608K, used 16806K [0x0000000080000000, 0x0000000084300000, 0x00000000d5580000)
  object space 68608K, 24% used [0x0000000080000000,0x00000000810699b8,0x0000000084300000)
 Metaspace       used 32716K, committed 33792K, reserved 1114112K
  class space    used 3286K, committed 3712K, reserved 1048576K

Card table byte_map: [0x00000238ac4e0000,0x00000238ac8f0000] _byte_map_base: 0x00000238ac0e0000

Marking Bits: (ParMarkBitMap*) 0x00007fff3e793450
 Begin Bits: [0x00000238beff0000, 0x00000238c0ff0000)
 End Bits:   [0x00000238c0ff0000, 0x00000238c2ff0000)

Polling page: 0x00000238aa740000

Metaspace:

Usage:
  Non-class:     28.74 MB used.
      Class:      3.21 MB used.
       Both:     31.95 MB used.

Virtual space:
  Non-class space:       64.00 MB reserved,      29.38 MB ( 46%) committed,  1 nodes.
      Class space:        1.00 GB reserved,       3.62 MB ( <1%) committed,  1 nodes.
             Both:        1.06 GB reserved,      33.00 MB (  3%) committed. 

Chunk freelists:
   Non-Class:  2.42 MB
       Class:  12.41 MB
        Both:  14.83 MB

MaxMetaspaceSize: unlimited
CompressedClassSpaceSize: 1.00 GB
Initial GC threshold: 21.00 MB
Current GC threshold: 35.00 MB
CDS: on
 - commit_granule_bytes: 65536.
 - commit_granule_words: 8192.
 - virtual_space_node_default_size: 8388608.
 - enlarge_chunks_in_place: 1.
 - use_allocation_guard: 0.


Internal statistics:

num_allocs_failed_limit: 3.
num_arena_births: 754.
num_arena_deaths: 14.
num_vsnodes_births: 2.
num_vsnodes_deaths: 0.
num_space_committed: 528.
num_space_uncommitted: 0.
num_chunks_returned_to_freelist: 17.
num_chunks_taken_from_freelist: 2134.
num_chunk_merges: 7.
num_chunk_splits: 1336.
num_chunks_enlarged: 823.
num_inconsistent_stats: 0.

CodeHeap 'non-profiled nmethods': size=120000Kb used=2230Kb max_used=2230Kb free=117769Kb
 bounds [0x00000238b7810000, 0x00000238b7a80000, 0x00000238bed40000]
CodeHeap 'profiled nmethods': size=120000Kb used=9980Kb max_used=9980Kb free=110019Kb
 bounds [0x00000238afd40000, 0x00000238b0700000, 0x00000238b7270000]
CodeHeap 'non-nmethods': size=5760Kb used=1352Kb max_used=1373Kb free=4407Kb
 bounds [0x00000238b7270000, 0x00000238b74e0000, 0x00000238b7810000]
CodeCache: size=245760Kb, used=13562Kb, max_used=13583Kb, free=232195Kb
 total_blobs=5335, nmethods=4687, adapters=554, full_count=0
Compilation: enabled, stopped_count=0, restarted_count=0

Compilation events (20 events):
Event: 5.302 Thread 0x00000239058c3660 4689       3       org.codehaus.plexus.util.xml.pull.MXParser::isValidCodePoint (65 bytes)
Event: 5.303 Thread 0x00000239058c3660 nmethod 4689 0x00000238b06ea610 code [0x00000238b06ea7c0, 0x00000238b06eaa88]
Event: 5.308 Thread 0x00000239058c3660 4690       3       org.codehaus.plexus.util.xml.pull.MXParser::isNameChar (56 bytes)
Event: 5.309 Thread 0x00000239058c3660 nmethod 4690 0x00000238b06eab10 code [0x00000238b06eacc0, 0x00000238b06eaf40]
Event: 5.309 Thread 0x00000239058c3660 4691       3       org.codehaus.plexus.util.xml.pull.MXParser::nextImpl (1208 bytes)
Event: 5.314 Thread 0x00000239058c3660 nmethod 4691 0x00000238b06eb010 code [0x00000238b06eb6a0, 0x00000238b06ee4e0]
Event: 5.314 Thread 0x00000239058c3660 4694   !   3       org.eclipse.osgi.internal.loader.BundleLoader::findClass0 (490 bytes)
Event: 5.320 Thread 0x000002390c92e0e0 nmethod 4643 0x00000238b7a37410 code [0x00000238b7a37640, 0x00000238b7a388b0]
Event: 5.321 Thread 0x00000239058c3660 nmethod 4694 0x00000238b06ef390 code [0x00000238b06efc20, 0x00000238b06f43a8]
Event: 5.324 Thread 0x00000239058c3660 4692       3       org.codehaus.plexus.util.xml.pull.MXParser::next (10 bytes)
Event: 5.324 Thread 0x000002390c92e0e0 4683       4       java.util.Collections$UnmodifiableCollection::contains (11 bytes)
Event: 5.325 Thread 0x00000239058c3660 nmethod 4692 0x00000238b06f5c10 code [0x00000238b06f5dc0, 0x00000238b06f5f00]
Event: 5.325 Thread 0x00000239058c3660 4693  s    3       org.eclipse.core.internal.watson.ElementTree::getChildren (10 bytes)
Event: 5.325 Thread 0x00000239058c3660 nmethod 4693 0x00000238b06f5f90 code [0x00000238b06f6180, 0x00000238b06f65e8]
Event: 5.328 Thread 0x00000239058c3660 4697   !   3       java.lang.invoke.MethodHandles$Lookup::canBeCached (150 bytes)
Event: 5.329 Thread 0x00000239058c3660 nmethod 4697 0x00000238b06f6810 code [0x00000238b06f6b40, 0x00000238b06f7de8]
Event: 5.332 Thread 0x00000239058c3660 4698       1       java.util.stream.Collectors$CollectorImpl::characteristics (5 bytes)
Event: 5.332 Thread 0x00000239058c3660 nmethod 4698 0x00000238b7a39310 code [0x00000238b7a394a0, 0x00000238b7a39568]
Event: 5.337 Thread 0x000002390c92e0e0 nmethod 4683 0x00000238b7a39610 code [0x00000238b7a39840, 0x00000238b7a39f20]
Event: 5.340 Thread 0x000002390c92e0e0 4696       4       org.eclipse.osgi.internal.debug.Debug::loaderWithClass (40 bytes)

GC Heap History (20 events):
Event: 2.452 GC heap before
{Heap before GC invocations=4 (full 0):
 PSYoungGen      total 29696K, used 29692K [0x00000000d5580000, 0x00000000d7680000, 0x0000000100000000)
  eden space 25600K, 100% used [0x00000000d5580000,0x00000000d6e80000,0x00000000d6e80000)
  from space 4096K, 99% used [0x00000000d6e80000,0x00000000d727f1c8,0x00000000d7280000)
  to   space 4096K, 0% used [0x00000000d7280000,0x00000000d7280000,0x00000000d7680000)
 ParOldGen       total 68608K, used 4986K [0x0000000080000000, 0x0000000084300000, 0x00000000d5580000)
  object space 68608K, 7% used [0x0000000080000000,0x00000000804de978,0x0000000084300000)
 Metaspace       used 11642K, committed 12032K, reserved 1114112K
  class space    used 1237K, committed 1408K, reserved 1048576K
}
Event: 2.457 GC heap after
{Heap after GC invocations=4 (full 0):
 PSYoungGen      total 29696K, used 4095K [0x00000000d5580000, 0x00000000d7680000, 0x0000000100000000)
  eden space 25600K, 0% used [0x00000000d5580000,0x00000000d5580000,0x00000000d6e80000)
  from space 4096K, 99% used [0x00000000d7280000,0x00000000d767fd60,0x00000000d7680000)
  to   space 4096K, 0% used [0x00000000d6e80000,0x00000000d6e80000,0x00000000d7280000)
 ParOldGen       total 68608K, used 6753K [0x0000000080000000, 0x0000000084300000, 0x00000000d5580000)
  object space 68608K, 9% used [0x0000000080000000,0x0000000080698458,0x0000000084300000)
 Metaspace       used 11642K, committed 12032K, reserved 1114112K
  class space    used 1237K, committed 1408K, reserved 1048576K
}
Event: 3.049 GC heap before
{Heap before GC invocations=5 (full 0):
 PSYoungGen      total 29696K, used 29695K [0x00000000d5580000, 0x00000000d7680000, 0x0000000100000000)
  eden space 25600K, 100% used [0x00000000d5580000,0x00000000d6e80000,0x00000000d6e80000)
  from space 4096K, 99% used [0x00000000d7280000,0x00000000d767fd60,0x00000000d7680000)
  to   space 4096K, 0% used [0x00000000d6e80000,0x00000000d6e80000,0x00000000d7280000)
 ParOldGen       total 68608K, used 6753K [0x0000000080000000, 0x0000000084300000, 0x00000000d5580000)
  object space 68608K, 9% used [0x0000000080000000,0x0000000080698458,0x0000000084300000)
 Metaspace       used 14771K, committed 15296K, reserved 1114112K
  class space    used 1518K, committed 1728K, reserved 1048576K
}
Event: 3.053 GC heap after
{Heap after GC invocations=5 (full 0):
 PSYoungGen      total 29184K, used 4095K [0x00000000d5580000, 0x00000000d7900000, 0x0000000100000000)
  eden space 25088K, 0% used [0x00000000d5580000,0x00000000d5580000,0x00000000d6e00000)
  from space 4096K, 99% used [0x00000000d6e80000,0x00000000d727fc68,0x00000000d7280000)
  to   space 5632K, 0% used [0x00000000d7380000,0x00000000d7380000,0x00000000d7900000)
 ParOldGen       total 68608K, used 7595K [0x0000000080000000, 0x0000000084300000, 0x00000000d5580000)
  object space 68608K, 11% used [0x0000000080000000,0x000000008076ad10,0x0000000084300000)
 Metaspace       used 14771K, committed 15296K, reserved 1114112K
  class space    used 1518K, committed 1728K, reserved 1048576K
}
Event: 3.707 GC heap before
{Heap before GC invocations=6 (full 0):
 PSYoungGen      total 29184K, used 29183K [0x00000000d5580000, 0x00000000d7900000, 0x0000000100000000)
  eden space 25088K, 100% used [0x00000000d5580000,0x00000000d6e00000,0x00000000d6e00000)
  from space 4096K, 99% used [0x00000000d6e80000,0x00000000d727fc68,0x00000000d7280000)
  to   space 5632K, 0% used [0x00000000d7380000,0x00000000d7380000,0x00000000d7900000)
 ParOldGen       total 68608K, used 7595K [0x0000000080000000, 0x0000000084300000, 0x00000000d5580000)
  object space 68608K, 11% used [0x0000000080000000,0x000000008076ad10,0x0000000084300000)
 Metaspace       used 18257K, committed 19008K, reserved 1114112K
  class space    used 1900K, committed 2176K, reserved 1048576K
}
Event: 3.711 GC heap after
{Heap after GC invocations=6 (full 0):
 PSYoungGen      total 30208K, used 5625K [0x00000000d5580000, 0x00000000d7980000, 0x0000000100000000)
  eden space 24576K, 0% used [0x00000000d5580000,0x00000000d5580000,0x00000000d6d80000)
  from space 5632K, 99% used [0x00000000d7380000,0x00000000d78fe4e0,0x00000000d7900000)
  to   space 6144K, 0% used [0x00000000d6d80000,0x00000000d6d80000,0x00000000d7380000)
 ParOldGen       total 68608K, used 7611K [0x0000000080000000, 0x0000000084300000, 0x00000000d5580000)
  object space 68608K, 11% used [0x0000000080000000,0x000000008076ed10,0x0000000084300000)
 Metaspace       used 18257K, committed 19008K, reserved 1114112K
  class space    used 1900K, committed 2176K, reserved 1048576K
}
Event: 4.083 GC heap before
{Heap before GC invocations=7 (full 0):
 PSYoungGen      total 30208K, used 30201K [0x00000000d5580000, 0x00000000d7980000, 0x0000000100000000)
  eden space 24576K, 100% used [0x00000000d5580000,0x00000000d6d80000,0x00000000d6d80000)
  from space 5632K, 99% used [0x00000000d7380000,0x00000000d78fe4e0,0x00000000d7900000)
  to   space 6144K, 0% used [0x00000000d6d80000,0x00000000d6d80000,0x00000000d7380000)
 ParOldGen       total 68608K, used 7611K [0x0000000080000000, 0x0000000084300000, 0x00000000d5580000)
  object space 68608K, 11% used [0x0000000080000000,0x000000008076ed10,0x0000000084300000)
 Metaspace       used 20518K, committed 21440K, reserved 1114112K
  class space    used 2166K, committed 2560K, reserved 1048576K
}
Event: 4.087 GC heap after
{Heap after GC invocations=7 (full 0):
 PSYoungGen      total 28672K, used 4533K [0x00000000d5580000, 0x00000000d7700000, 0x0000000100000000)
  eden space 24064K, 0% used [0x00000000d5580000,0x00000000d5580000,0x00000000d6d00000)
  from space 4608K, 98% used [0x00000000d6d80000,0x00000000d71ed7d0,0x00000000d7200000)
  to   space 5120K, 0% used [0x00000000d7200000,0x00000000d7200000,0x00000000d7700000)
 ParOldGen       total 68608K, used 9308K [0x0000000080000000, 0x0000000084300000, 0x00000000d5580000)
  object space 68608K, 13% used [0x0000000080000000,0x0000000080917318,0x0000000084300000)
 Metaspace       used 20518K, committed 21440K, reserved 1114112K
  class space    used 2166K, committed 2560K, reserved 1048576K
}
Event: 4.124 GC heap before
{Heap before GC invocations=8 (full 0):
 PSYoungGen      total 28672K, used 7065K [0x00000000d5580000, 0x00000000d7700000, 0x0000000100000000)
  eden space 24064K, 10% used [0x00000000d5580000,0x00000000d57f8ed0,0x00000000d6d00000)
  from space 4608K, 98% used [0x00000000d6d80000,0x00000000d71ed7d0,0x00000000d7200000)
  to   space 5120K, 0% used [0x00000000d7200000,0x00000000d7200000,0x00000000d7700000)
 ParOldGen       total 68608K, used 9308K [0x0000000080000000, 0x0000000084300000, 0x00000000d5580000)
  object space 68608K, 13% used [0x0000000080000000,0x0000000080917318,0x0000000084300000)
 Metaspace       used 20724K, committed 21504K, reserved 1114112K
  class space    used 2188K, committed 2560K, reserved 1048576K
}
Event: 4.127 GC heap after
{Heap after GC invocations=8 (full 0):
 PSYoungGen      total 28672K, used 4332K [0x00000000d5580000, 0x00000000d7680000, 0x0000000100000000)
  eden space 24064K, 0% used [0x00000000d5580000,0x00000000d5580000,0x00000000d6d00000)
  from space 4608K, 94% used [0x00000000d7200000,0x00000000d763b258,0x00000000d7680000)
  to   space 4608K, 0% used [0x00000000d6d80000,0x00000000d6d80000,0x00000000d7200000)
 ParOldGen       total 68608K, used 9763K [0x0000000080000000, 0x0000000084300000, 0x00000000d5580000)
  object space 68608K, 14% used [0x0000000080000000,0x0000000080988dd0,0x0000000084300000)
 Metaspace       used 20724K, committed 21504K, reserved 1114112K
  class space    used 2188K, committed 2560K, reserved 1048576K
}
Event: 4.127 GC heap before
{Heap before GC invocations=9 (full 1):
 PSYoungGen      total 28672K, used 4332K [0x00000000d5580000, 0x00000000d7680000, 0x0000000100000000)
  eden space 24064K, 0% used [0x00000000d5580000,0x00000000d5580000,0x00000000d6d00000)
  from space 4608K, 94% used [0x00000000d7200000,0x00000000d763b258,0x00000000d7680000)
  to   space 4608K, 0% used [0x00000000d6d80000,0x00000000d6d80000,0x00000000d7200000)
 ParOldGen       total 68608K, used 9763K [0x0000000080000000, 0x0000000084300000, 0x00000000d5580000)
  object space 68608K, 14% used [0x0000000080000000,0x0000000080988dd0,0x0000000084300000)
 Metaspace       used 20724K, committed 21504K, reserved 1114112K
  class space    used 2188K, committed 2560K, reserved 1048576K
}
Event: 4.162 GC heap after
{Heap after GC invocations=9 (full 1):
 PSYoungGen      total 28672K, used 0K [0x00000000d5580000, 0x00000000d7680000, 0x0000000100000000)
  eden space 24064K, 0% used [0x00000000d5580000,0x00000000d5580000,0x00000000d6d00000)
  from space 4608K, 0% used [0x00000000d7200000,0x00000000d7200000,0x00000000d7680000)
  to   space 4608K, 0% used [0x00000000d6d80000,0x00000000d6d80000,0x00000000d7200000)
 ParOldGen       total 68608K, used 13209K [0x0000000080000000, 0x0000000084300000, 0x00000000d5580000)
  object space 68608K, 19% used [0x0000000080000000,0x0000000080ce66b8,0x0000000084300000)
 Metaspace       used 20711K, committed 21504K, reserved 1114112K
  class space    used 2185K, committed 2560K, reserved 1048576K
}
Event: 4.379 GC heap before
{Heap before GC invocations=10 (full 1):
 PSYoungGen      total 28672K, used 24064K [0x00000000d5580000, 0x00000000d7680000, 0x0000000100000000)
  eden space 24064K, 100% used [0x00000000d5580000,0x00000000d6d00000,0x00000000d6d00000)
  from space 4608K, 0% used [0x00000000d7200000,0x00000000d7200000,0x00000000d7680000)
  to   space 4608K, 0% used [0x00000000d6d80000,0x00000000d6d80000,0x00000000d7200000)
 ParOldGen       total 68608K, used 13209K [0x0000000080000000, 0x0000000084300000, 0x00000000d5580000)
  object space 68608K, 19% used [0x0000000080000000,0x0000000080ce66b8,0x0000000084300000)
 Metaspace       used 22719K, committed 23552K, reserved 1114112K
  class space    used 2343K, committed 2688K, reserved 1048576K
}
Event: 4.381 GC heap after
{Heap after GC invocations=10 (full 1):
 PSYoungGen      total 25088K, used 1227K [0x00000000d5580000, 0x00000000d7280000, 0x0000000100000000)
  eden space 23552K, 0% used [0x00000000d5580000,0x00000000d5580000,0x00000000d6c80000)
  from space 1536K, 79% used [0x00000000d6d80000,0x00000000d6eb2e40,0x00000000d6f00000)
  to   space 2560K, 0% used [0x00000000d7000000,0x00000000d7000000,0x00000000d7280000)
 ParOldGen       total 68608K, used 13217K [0x0000000080000000, 0x0000000084300000, 0x00000000d5580000)
  object space 68608K, 19% used [0x0000000080000000,0x0000000080ce86b8,0x0000000084300000)
 Metaspace       used 22719K, committed 23552K, reserved 1114112K
  class space    used 2343K, committed 2688K, reserved 1048576K
}
Event: 4.563 GC heap before
{Heap before GC invocations=11 (full 1):
 PSYoungGen      total 25088K, used 24779K [0x00000000d5580000, 0x00000000d7280000, 0x0000000100000000)
  eden space 23552K, 100% used [0x00000000d5580000,0x00000000d6c80000,0x00000000d6c80000)
  from space 1536K, 79% used [0x00000000d6d80000,0x00000000d6eb2e40,0x00000000d6f00000)
  to   space 2560K, 0% used [0x00000000d7000000,0x00000000d7000000,0x00000000d7280000)
 ParOldGen       total 68608K, used 13217K [0x0000000080000000, 0x0000000084300000, 0x00000000d5580000)
  object space 68608K, 19% used [0x0000000080000000,0x0000000080ce86b8,0x0000000084300000)
 Metaspace       used 26355K, committed 27200K, reserved 1114112K
  class space    used 2614K, committed 2944K, reserved 1048576K
}
Event: 4.564 GC heap after
{Heap after GC invocations=11 (full 1):
 PSYoungGen      total 24576K, used 1451K [0x00000000d5580000, 0x00000000d7180000, 0x0000000100000000)
  eden space 23040K, 0% used [0x00000000d5580000,0x00000000d5580000,0x00000000d6c00000)
  from space 1536K, 94% used [0x00000000d7000000,0x00000000d716acf0,0x00000000d7180000)
  to   space 2048K, 0% used [0x00000000d6d80000,0x00000000d6d80000,0x00000000d6f80000)
 ParOldGen       total 68608K, used 13225K [0x0000000080000000, 0x0000000084300000, 0x00000000d5580000)
  object space 68608K, 19% used [0x0000000080000000,0x0000000080cea6b8,0x0000000084300000)
 Metaspace       used 26355K, committed 27200K, reserved 1114112K
  class space    used 2614K, committed 2944K, reserved 1048576K
}
Event: 4.830 GC heap before
{Heap before GC invocations=12 (full 1):
 PSYoungGen      total 24576K, used 24491K [0x00000000d5580000, 0x00000000d7180000, 0x0000000100000000)
  eden space 23040K, 100% used [0x00000000d5580000,0x00000000d6c00000,0x00000000d6c00000)
  from space 1536K, 94% used [0x00000000d7000000,0x00000000d716acf0,0x00000000d7180000)
  to   space 2048K, 0% used [0x00000000d6d80000,0x00000000d6d80000,0x00000000d6f80000)
 ParOldGen       total 68608K, used 13225K [0x0000000080000000, 0x0000000084300000, 0x00000000d5580000)
  object space 68608K, 19% used [0x0000000080000000,0x0000000080cea6b8,0x0000000084300000)
 Metaspace       used 28034K, committed 28928K, reserved 1114112K
  class space    used 2737K, committed 3136K, reserved 1048576K
}
Event: 4.832 GC heap after
{Heap after GC invocations=12 (full 1):
 PSYoungGen      total 24064K, used 1499K [0x00000000d5580000, 0x00000000d7080000, 0x0000000100000000)
  eden space 22528K, 0% used [0x00000000d5580000,0x00000000d5580000,0x00000000d6b80000)
  from space 1536K, 97% used [0x00000000d6d80000,0x00000000d6ef6da0,0x00000000d6f00000)
  to   space 1536K, 0% used [0x00000000d6f00000,0x00000000d6f00000,0x00000000d7080000)
 ParOldGen       total 68608K, used 15219K [0x0000000080000000, 0x0000000084300000, 0x00000000d5580000)
  object space 68608K, 22% used [0x0000000080000000,0x0000000080edcc88,0x0000000084300000)
 Metaspace       used 28034K, committed 28928K, reserved 1114112K
  class space    used 2737K, committed 3136K, reserved 1048576K
}
Event: 5.268 GC heap before
{Heap before GC invocations=13 (full 1):
 PSYoungGen      total 24064K, used 24027K [0x00000000d5580000, 0x00000000d7080000, 0x0000000100000000)
  eden space 22528K, 100% used [0x00000000d5580000,0x00000000d6b80000,0x00000000d6b80000)
  from space 1536K, 97% used [0x00000000d6d80000,0x00000000d6ef6da0,0x00000000d6f00000)
  to   space 1536K, 0% used [0x00000000d6f00000,0x00000000d6f00000,0x00000000d7080000)
 ParOldGen       total 68608K, used 15219K [0x0000000080000000, 0x0000000084300000, 0x00000000d5580000)
  object space 68608K, 22% used [0x0000000080000000,0x0000000080edcc88,0x0000000084300000)
 Metaspace       used 31211K, committed 32256K, reserved 1114112K
  class space    used 3106K, committed 3520K, reserved 1048576K
}
Event: 5.270 GC heap after
{Heap after GC invocations=13 (full 1):
 PSYoungGen      total 23552K, used 1514K [0x00000000d5580000, 0x00000000d7200000, 0x0000000100000000)
  eden space 22016K, 0% used [0x00000000d5580000,0x00000000d5580000,0x00000000d6b00000)
  from space 1536K, 98% used [0x00000000d6f00000,0x00000000d707a800,0x00000000d7080000)
  to   space 3584K, 0% used [0x00000000d6b00000,0x00000000d6b00000,0x00000000d6e80000)
 ParOldGen       total 68608K, used 16806K [0x0000000080000000, 0x0000000084300000, 0x00000000d5580000)
  object space 68608K, 24% used [0x0000000080000000,0x00000000810699b8,0x0000000084300000)
 Metaspace       used 31211K, committed 32256K, reserved 1114112K
  class space    used 3106K, committed 3520K, reserved 1048576K
}

Dll operation events (10 events):
Event: 0.017 Loaded shared library c:\Users\Rafael-PC\.vscode\extensions\redhat.java-1.53.0-win32-x64\jre\21.0.10-win32-x86_64\bin\java.dll
Event: 0.120 Loaded shared library c:\Users\Rafael-PC\.vscode\extensions\redhat.java-1.53.0-win32-x64\jre\21.0.10-win32-x86_64\bin\zip.dll
Event: 0.154 Loaded shared library C:\Users\Rafael-PC\.vscode\extensions\redhat.java-1.53.0-win32-x64\jre\21.0.10-win32-x86_64\bin\instrument.dll
Event: 0.161 Loaded shared library C:\Users\Rafael-PC\.vscode\extensions\redhat.java-1.53.0-win32-x64\jre\21.0.10-win32-x86_64\bin\net.dll
Event: 0.166 Loaded shared library C:\Users\Rafael-PC\.vscode\extensions\redhat.java-1.53.0-win32-x64\jre\21.0.10-win32-x86_64\bin\nio.dll
Event: 0.172 Loaded shared library C:\Users\Rafael-PC\.vscode\extensions\redhat.java-1.53.0-win32-x64\jre\21.0.10-win32-x86_64\bin\zip.dll
Event: 0.202 Loaded shared library C:\Users\Rafael-PC\.vscode\extensions\redhat.java-1.53.0-win32-x64\jre\21.0.10-win32-x86_64\bin\jimage.dll
Event: 0.321 Loaded shared library c:\Users\Rafael-PC\.vscode\extensions\redhat.java-1.53.0-win32-x64\jre\21.0.10-win32-x86_64\bin\verify.dll
Event: 1.772 Loaded shared library C:\Users\Rafael-PC\AppData\Roaming\Code\User\globalStorage\redhat.java\1.53.0\config_win\org.eclipse.equinox.launcher\org.eclipse.equinox.launcher.win32.win32.x86_64_1.3.0.v20260203-2149\eclipse_11919.dll
Event: 3.482 Loaded shared library C:\Users\Rafael-PC\AppData\Local\Temp\jna--1723838513\jna943052738191391597.dll

Deoptimization events (20 events):
Event: 5.283 Thread 0x000002390c3cce20 Uncommon trap: trap_request=0xffffffde fr.pc=0x00000238b7a04938 relative=0x00000000000000f8
Event: 5.283 Thread 0x000002390c3cce20 Uncommon trap: reason=class_check action=maybe_recompile pc=0x00000238b7a04938 method=java.lang.Character.codePointAt(Ljava/lang/CharSequence;I)I @ 2 c2
Event: 5.283 Thread 0x000002390c3cce20 DEOPT PACKING pc=0x00000238b7a04938 sp=0x00000049a72fea90
Event: 5.283 Thread 0x000002390c3cce20 DEOPT UNPACKING pc=0x00000238b72c3aa2 sp=0x00000049a72fea18 mode 2
Event: 5.283 Thread 0x000002390c3cce20 Uncommon trap: trap_request=0xffffffde fr.pc=0x00000238b7a04938 relative=0x00000000000000f8
Event: 5.283 Thread 0x000002390c3cce20 Uncommon trap: reason=class_check action=maybe_recompile pc=0x00000238b7a04938 method=java.lang.Character.codePointAt(Ljava/lang/CharSequence;I)I @ 2 c2
Event: 5.283 Thread 0x000002390c3cce20 DEOPT PACKING pc=0x00000238b7a04938 sp=0x00000049a72fea90
Event: 5.283 Thread 0x000002390c3cce20 DEOPT UNPACKING pc=0x00000238b72c3aa2 sp=0x00000049a72fea18 mode 2
Event: 5.283 Thread 0x000002390c3cce20 Uncommon trap: trap_request=0xffffffde fr.pc=0x00000238b7a04938 relative=0x00000000000000f8
Event: 5.284 Thread 0x000002390c3cce20 Uncommon trap: reason=class_check action=maybe_recompile pc=0x00000238b7a04938 method=java.lang.Character.codePointAt(Ljava/lang/CharSequence;I)I @ 2 c2
Event: 5.284 Thread 0x000002390c3cce20 DEOPT PACKING pc=0x00000238b7a04938 sp=0x00000049a72fea90
Event: 5.284 Thread 0x000002390c3cce20 DEOPT UNPACKING pc=0x00000238b72c3aa2 sp=0x00000049a72fea18 mode 2
Event: 5.284 Thread 0x000002390c3cce20 Uncommon trap: trap_request=0xffffffde fr.pc=0x00000238b7a04938 relative=0x00000000000000f8
Event: 5.284 Thread 0x000002390c3cce20 Uncommon trap: reason=class_check action=maybe_recompile pc=0x00000238b7a04938 method=java.lang.Character.codePointAt(Ljava/lang/CharSequence;I)I @ 2 c2
Event: 5.284 Thread 0x000002390c3cce20 DEOPT PACKING pc=0x00000238b7a04938 sp=0x00000049a72fea90
Event: 5.284 Thread 0x000002390c3cce20 DEOPT UNPACKING pc=0x00000238b72c3aa2 sp=0x00000049a72fea18 mode 2
Event: 5.348 Thread 0x00000238acb3e690 Uncommon trap: trap_request=0xffffff45 fr.pc=0x00000238b79f1210 relative=0x0000000000000110
Event: 5.348 Thread 0x00000238acb3e690 Uncommon trap: reason=unstable_if action=reinterpret pc=0x00000238b79f1210 method=java.io.WinNTFileSystem.normalize(Ljava/lang/String;)Ljava/lang/String; @ 74 c2
Event: 5.348 Thread 0x00000238acb3e690 DEOPT PACKING pc=0x00000238b79f1210 sp=0x00000049a4dfe730
Event: 5.348 Thread 0x00000238acb3e690 DEOPT UNPACKING pc=0x00000238b72c3aa2 sp=0x00000049a4dfe718 mode 2

Classes loaded (20 events):
Event: 5.358 Loading class java/util/concurrent/atomic/AtomicReferenceFieldUpdater
Event: 5.358 Loading class sun/nio/ch/Iocp$EventHandlerTask
Event: 5.358 Loading class java/util/concurrent/atomic/AtomicReferenceFieldUpdater done
Event: 5.359 Loading class sun/nio/ch/Iocp$EventHandlerTask done
Event: 5.359 Loading class java/util/concurrent/atomic/AtomicReferenceFieldUpdater$AtomicReferenceFieldUpdaterImpl
Event: 5.359 Loading class sun/nio/ch/AsynchronousChannelGroupImpl$2
Event: 5.359 Loading class sun/nio/ch/AsynchronousChannelGroupImpl$2 done
Event: 5.359 Loading class java/util/concurrent/atomic/AtomicReferenceFieldUpdater$AtomicReferenceFieldUpdaterImpl done
Event: 5.360 Loading class java/util/concurrent/atomic/AtomicReferenceFieldUpdater$AtomicReferenceFieldUpdaterImpl$1
Event: 5.360 Loading class java/util/concurrent/atomic/AtomicReferenceFieldUpdater$AtomicReferenceFieldUpdaterImpl$1 done
Event: 5.360 Loading class sun/nio/ch/AsynchronousChannelGroupImpl$1
Event: 5.360 Loading class sun/nio/ch/Invoker
Event: 5.360 Loading class sun/nio/ch/AsynchronousChannelGroupImpl$1 done
Event: 5.361 Loading class sun/nio/ch/Invoker done
Event: 5.361 Loading class sun/nio/ch/Invoker$1
Event: 5.361 Loading class sun/nio/ch/Invoker$1 done
Event: 5.361 Loading class sun/nio/ch/Invoker$GroupAndInvokeCount
Event: 5.362 Loading class sun/nio/ch/Invoker$GroupAndInvokeCount done
Event: 5.367 Loading class sun/nio/ch/PendingIoCache
Event: 5.367 Loading class sun/nio/ch/PendingIoCache done

Classes unloaded (7 events):
Event: 4.132 Thread 0x00000238acbdf900 Unloading class 0x00000238c51ab000 'java/lang/invoke/LambdaForm$MH+0x00000238c51ab000'
Event: 4.132 Thread 0x00000238acbdf900 Unloading class 0x00000238c51aac00 'java/lang/invoke/LambdaForm$MH+0x00000238c51aac00'
Event: 4.132 Thread 0x00000238acbdf900 Unloading class 0x00000238c51aa800 'java/lang/invoke/LambdaForm$MH+0x00000238c51aa800'
Event: 4.132 Thread 0x00000238acbdf900 Unloading class 0x00000238c51aa400 'java/lang/invoke/LambdaForm$MH+0x00000238c51aa400'
Event: 4.132 Thread 0x00000238acbdf900 Unloading class 0x00000238c51aa000 'java/lang/invoke/LambdaForm$BMH+0x00000238c51aa000'
Event: 4.132 Thread 0x00000238acbdf900 Unloading class 0x00000238c51a9c00 'java/lang/invoke/LambdaForm$DMH+0x00000238c51a9c00'
Event: 4.132 Thread 0x00000238acbdf900 Unloading class 0x00000238c51a8800 'java/lang/invoke/LambdaForm$DMH+0x00000238c51a8800'

Classes redefined (0 events):
No events

Internal exceptions (20 events):
Event: 5.209 Thread 0x000002390c3cba70 Exception <a 'java/lang/NoSuchMethodError'{0x00000000d693a358}: 'java.lang.Object java.lang.invoke.DirectMethodHandle$Holder.invokeStaticInit(java.lang.Object, java.lang.Object, java.lang.Object, java.lang.Object, java.lang.Object, java.lang.Object, java.lang.Object)'> (0x00000000d693a358) 
thrown [s\src\hotspot\share\interpreter\linkResolver.cpp, line 773]
Event: 5.211 Thread 0x000002390c3cba70 Exception <a 'java/lang/NoSuchMethodError'{0x00000000d693ed78}: 'java.lang.Object java.lang.invoke.Invokers$Holder.invoke_MT(java.lang.Object, java.lang.Object, java.lang.Object, java.lang.Object, java.lang.Object, java.lang.Object, java.lang.Object, java.lang.Object, java.lang.Object)'> (0x00000000d693ed78) 
thrown [s\src\hotspot\share\interpreter\linkResolver.cpp, line 773]
Event: 5.224 Thread 0x000002390c3cba70 Exception <a 'java/lang/NoSuchMethodError'{0x00000000d69e9978}: 'int java.lang.invoke.DirectMethodHandle$Holder.invokeVirtual(java.lang.Object, java.lang.Object, java.lang.Object)'> (0x00000000d69e9978) 
thrown [s\src\hotspot\share\interpreter\linkResolver.cpp, line 773]
Event: 5.226 Thread 0x000002390c3cba70 Exception <a 'java/lang/NoSuchMethodError'{0x00000000d69ed8f0}: 'int java.lang.invoke.DirectMethodHandle$Holder.invokeStaticInit(java.lang.Object, int, int)'> (0x00000000d69ed8f0) 
thrown [s\src\hotspot\share\interpreter\linkResolver.cpp, line 773]
Event: 5.229 Thread 0x000002390c3cba70 Exception <a 'java/lang/NoSuchMethodError'{0x00000000d69fb120}: 'int java.lang.invoke.DirectMethodHandle$Holder.invokeStaticInit(java.lang.Object, long, long)'> (0x00000000d69fb120) 
thrown [s\src\hotspot\share\interpreter\linkResolver.cpp, line 773]
Event: 5.231 Thread 0x000002390c3cba70 Exception <a 'java/lang/NoSuchMethodError'{0x00000000d6a01d00}: 'int java.lang.invoke.DirectMethodHandle$Holder.invokeStaticInit(java.lang.Object, float, float)'> (0x00000000d6a01d00) 
thrown [s\src\hotspot\share\interpreter\linkResolver.cpp, line 773]
Event: 5.233 Thread 0x000002390c3cba70 Exception <a 'java/lang/NoSuchMethodError'{0x00000000d6a08908}: 'int java.lang.invoke.DirectMethodHandle$Holder.invokeStaticInit(java.lang.Object, double, double)'> (0x00000000d6a08908) 
thrown [s\src\hotspot\share\interpreter\linkResolver.cpp, line 773]
Event: 5.235 Thread 0x000002390c3cba70 Exception <a 'java/lang/NoSuchMethodError'{0x00000000d6a0cf48}: 'int java.lang.invoke.DirectMethodHandle$Holder.invokeStatic(java.lang.Object, long)'> (0x00000000d6a0cf48) 
thrown [s\src\hotspot\share\interpreter\linkResolver.cpp, line 773]
Event: 5.240 Thread 0x000002390b9b3dd0 Exception <a 'java/io/FileNotFoundException'{0x00000000d69a8138}> (0x00000000d69a8138) 
thrown [s\src\hotspot\share\prims\jni.cpp, line 520]
Event: 5.241 Thread 0x000002390c3cce20 Exception <a 'java/lang/NoSuchMethodError'{0x00000000d680c580}: 'int java.lang.invoke.DirectMethodHandle$Holder.invokeSpecial(java.lang.Object, java.lang.Object, int, int)'> (0x00000000d680c580) 
thrown [s\src\hotspot\share\interpreter\linkResolver.cpp, line 773]
Event: 5.244 Thread 0x000002390c3cba70 Exception <a 'java/lang/NoSuchMethodError'{0x00000000d6a3e478}: 'int java.lang.invoke.Invokers$Holder.linkToTargetMethod(java.lang.Object, java.lang.Object)'> (0x00000000d6a3e478) 
thrown [s\src\hotspot\share\interpreter\linkResolver.cpp, line 773]
Event: 5.244 Thread 0x000002390c3cce20 Exception <a 'java/lang/NoSuchMethodError'{0x00000000d6818780}: 'int java.lang.invoke.Invokers$Holder.linkToTargetMethod(java.lang.Object, java.lang.Object)'> (0x00000000d6818780) 
thrown [s\src\hotspot\share\interpreter\linkResolver.cpp, line 773]
Event: 5.252 Thread 0x000002390c3cba70 Exception <a 'java/lang/NoSuchMethodError'{0x00000000d6ad1518}: 'java.lang.Object java.lang.invoke.DirectMethodHandle$Holder.invokeStatic(java.lang.Object, int, java.lang.Object, java.lang.Object)'> (0x00000000d6ad1518) 
thrown [s\src\hotspot\share\interpreter\linkResolver.cpp, line 773]
Event: 5.253 Thread 0x000002390c3cba70 Exception <a 'java/lang/NoSuchMethodError'{0x00000000d6ad4cf8}: 'java.lang.Object java.lang.invoke.DelegatingMethodHandle$Holder.delegate(java.lang.Object, int, java.lang.Object, java.lang.Object)'> (0x00000000d6ad4cf8) 
thrown [s\src\hotspot\share\interpreter\linkResolver.cpp, line 773]
Event: 5.259 Thread 0x000002390c3cba70 Exception <a 'java/lang/NoSuchMethodError'{0x00000000d6b3b088}: 'int java.lang.invoke.Invokers$Holder.linkToTargetMethod(java.lang.Object, java.lang.Object, java.lang.Object)'> (0x00000000d6b3b088) 
thrown [s\src\hotspot\share\interpreter\linkResolver.cpp, line 773]
Event: 5.262 Thread 0x000002390c3cb3e0 Exception <a 'java/lang/UnsatisfiedLinkError'{0x00000000d6b4a148}: The specified procedure could not be found.
> (0x00000000d6b4a148) 
thrown [s\src\hotspot\share\prims\jni.cpp, line 539]
Event: 5.331 Thread 0x000002390c3cce20 Exception <a 'java/lang/NoSuchMethodError'{0x00000000d599b7b0}: 'java.lang.Object java.lang.invoke.DirectMethodHandle$Holder.invokeSpecialIFC(java.lang.Object, java.lang.Object, java.lang.Object, java.lang.Object)'> (0x00000000d599b7b0) 
thrown [s\src\hotspot\share\interpreter\linkResolver.cpp, line 773]
Event: 5.342 Thread 0x00000238acb3e690 Exception <a 'java/lang/NoSuchMethodError'{0x00000000d5a8fb50}: 'java.lang.Object java.lang.invoke.DirectMethodHandle$Holder.invokeStatic(java.lang.Object, long, java.lang.Object)'> (0x00000000d5a8fb50) 
thrown [s\src\hotspot\share\interpreter\linkResolver.cpp, line 773]
Event: 5.342 Thread 0x00000238acb3e690 Exception <a 'java/lang/NoSuchMethodError'{0x00000000d5aad830}: 'java.lang.Object java.lang.invoke.DirectMethodHandle$Holder.invokeStaticInit(java.lang.Object, long, java.lang.Object)'> (0x00000000d5aad830) 
thrown [s\src\hotspot\share\interpreter\linkResolver.cpp, line 773]
Event: 5.343 Thread 0x00000238acb3e690 Exception <a 'java/lang/NoSuchMethodError'{0x00000000d5abd7a8}: 'java.lang.Object java.lang.invoke.DirectMethodHandle$Holder.newInvokeSpecial(java.lang.Object, long)'> (0x00000000d5abd7a8) 
thrown [s\src\hotspot\share\interpreter\linkResolver.cpp, line 773]

ZGC Phase Switch (0 events):
No events

VM Operations (20 events):
Event: 4.207 Executing non-safepoint VM operation: HandshakeAllThreads (Deoptimize)
Event: 4.207 Executing non-safepoint VM operation: HandshakeAllThreads (Deoptimize) done
Event: 4.379 Executing safepoint VM operation: ParallelGCFailedAllocation (Allocation Failure)
Event: 4.381 Executing safepoint VM operation: ParallelGCFailedAllocation (Allocation Failure) done
Event: 4.563 Executing safepoint VM operation: ParallelGCFailedAllocation (Allocation Failure)
Event: 4.564 Executing safepoint VM operation: ParallelGCFailedAllocation (Allocation Failure) done
Event: 4.829 Executing safepoint VM operation: ParallelGCFailedAllocation (Allocation Failure)
Event: 4.832 Executing safepoint VM operation: ParallelGCFailedAllocation (Allocation Failure) done
Event: 4.871 Executing non-safepoint VM operation: HandshakeAllThreads (Deoptimize)
Event: 4.871 Executing non-safepoint VM operation: HandshakeAllThreads (Deoptimize) done
Event: 4.999 Executing non-safepoint VM operation: HandshakeAllThreads (Deoptimize)
Event: 4.999 Executing non-safepoint VM operation: HandshakeAllThreads (Deoptimize) done
Event: 5.003 Executing non-safepoint VM operation: HandshakeAllThreads (Deoptimize)
Event: 5.003 Executing non-safepoint VM operation: HandshakeAllThreads (Deoptimize) done
Event: 5.038 Executing non-safepoint VM operation: HandshakeAllThreads (Deoptimize)
Event: 5.039 Executing non-safepoint VM operation: HandshakeAllThreads (Deoptimize) done
Event: 5.262 Executing non-safepoint VM operation: HandshakeAllThreads (Deoptimize)
Event: 5.262 Executing non-safepoint VM operation: HandshakeAllThreads (Deoptimize) done
Event: 5.267 Executing safepoint VM operation: ParallelGCFailedAllocation (Allocation Failure)
Event: 5.271 Executing safepoint VM operation: ParallelGCFailedAllocation (Allocation Failure) done

Memory protections (0 events):
No events

Nmethod flushes (0 events):
No events

Events (20 events):
Event: 4.685 Thread 0x00000239058c3660 Thread added: 0x000002390c92e0e0
Event: 4.851 Thread 0x000002390b9b3dd0 Thread added: 0x000002390c3cc100
Event: 5.169 Thread 0x000002390c3cba70 Thread added: 0x000002390c3cce20
Event: 5.240 Thread 0x000002390c3cce20 Thread added: 0x000002390c3cd4b0
Event: 5.256 Thread 0x000002390c3cd4b0 Thread added: 0x000002390c3cdb40
Event: 5.320 Thread 0x000002390c3cdb40 Thread added: 0x000002390c3cad50
Event: 5.343 Thread 0x000002390c3cad50 Thread added: 0x000002390db530f0
Event: 5.360 Thread 0x00000238acb3e690 Thread added: 0x000002390db53e10
Event: 5.361 Thread 0x00000238acb3e690 Thread added: 0x000002390db53780
Event: 5.362 Thread 0x00000238acb3e690 Thread added: 0x000002390db51020
Event: 5.362 Thread 0x00000238acb3e690 Thread added: 0x000002390db54b30
Event: 5.363 Thread 0x00000238acb3e690 Thread added: 0x000002390db544a0
Event: 5.363 Thread 0x00000238acb3e690 Thread added: 0x000002390db516b0
Event: 5.364 Thread 0x00000238acb3e690 Thread added: 0x000002390db523d0
Event: 5.364 Thread 0x00000238acb3e690 Thread added: 0x000002390db551c0
Event: 5.365 Thread 0x00000238acb3e690 Thread added: 0x000002390db51d40
Event: 5.365 Thread 0x00000238acb3e690 Thread added: 0x000002390db55850
Event: 5.366 Thread 0x00000238acb3e690 Thread added: 0x000002390db55ee0
Event: 5.366 Thread 0x00000238acb3e690 Thread added: 0x000002390db52a60
Event: 5.367 Thread 0x00000238acb3e690 Thread added: 0x000002390db56570


Dynamic libraries:
0x00007ff6ca230000 - 0x00007ff6ca23e000 	c:\Users\Rafael-PC\.vscode\extensions\redhat.java-1.53.0-win32-x64\jre\21.0.10-win32-x86_64\bin\java.exe
0x00007ff80e840000 - 0x00007ff80eaa7000 	C:\WINDOWS\SYSTEM32\ntdll.dll
0x00007ff80d880000 - 0x00007ff80d949000 	C:\WINDOWS\System32\KERNEL32.DLL
0x00007ff80b4d0000 - 0x00007ff80b8c1000 	C:\WINDOWS\System32\KERNELBASE.dll
0x00007ff80c490000 - 0x00007ff80c5db000 	C:\WINDOWS\System32\ucrtbase.dll
0x00007fffe4990000 - 0x00007fffe49a8000 	c:\Users\Rafael-PC\.vscode\extensions\redhat.java-1.53.0-win32-x64\jre\21.0.10-win32-x86_64\bin\jli.dll
0x00007fffe72f0000 - 0x00007fffe730e000 	c:\Users\Rafael-PC\.vscode\extensions\redhat.java-1.53.0-win32-x64\jre\21.0.10-win32-x86_64\bin\VCRUNTIME140.dll
0x00007ff80e620000 - 0x00007ff80e7e5000 	C:\WINDOWS\System32\USER32.dll
0x00007ff80c140000 - 0x00007ff80c167000 	C:\WINDOWS\System32\win32u.dll
0x00007ffff96d0000 - 0x00007ffff9963000 	C:\WINDOWS\WinSxS\amd64_microsoft.windows.common-controls_6595b64144ccf1df_6.0.26100.8037_none_3e092faae333b53b\COMCTL32.dll
0x00007ff80e470000 - 0x00007ff80e49b000 	C:\WINDOWS\System32\GDI32.dll
0x00007ff80c360000 - 0x00007ff80c48b000 	C:\WINDOWS\System32\gdi32full.dll
0x00007ff80e3c0000 - 0x00007ff80e469000 	C:\WINDOWS\System32\msvcrt.dll
0x00007ff80c170000 - 0x00007ff80c213000 	C:\WINDOWS\System32\msvcp_win.dll
0x00007ff80d840000 - 0x00007ff80d871000 	C:\WINDOWS\System32\IMM32.DLL
0x00007fffedfd0000 - 0x00007fffedfdc000 	c:\Users\Rafael-PC\.vscode\extensions\redhat.java-1.53.0-win32-x64\jre\21.0.10-win32-x86_64\bin\vcruntime140_1.dll
0x00007fff46030000 - 0x00007fff460bd000 	c:\Users\Rafael-PC\.vscode\extensions\redhat.java-1.53.0-win32-x64\jre\21.0.10-win32-x86_64\bin\msvcp140.dll
0x00007fff3dad0000 - 0x00007fff3e871000 	c:\Users\Rafael-PC\.vscode\extensions\redhat.java-1.53.0-win32-x64\jre\21.0.10-win32-x86_64\bin\server\jvm.dll
0x00007ff80cde0000 - 0x00007ff80ce9b000 	C:\WINDOWS\System32\ADVAPI32.dll
0x00007ff80e310000 - 0x00007ff80e3b7000 	C:\WINDOWS\System32\sechost.dll
0x00007ff80d1a0000 - 0x00007ff80d2b8000 	C:\WINDOWS\System32\RPCRT4.dll
0x00007ff80d7c0000 - 0x00007ff80d834000 	C:\WINDOWS\System32\WS2_32.dll
0x00007ff80af80000 - 0x00007ff80afde000 	C:\WINDOWS\SYSTEM32\POWRPROF.dll
0x00007ff804470000 - 0x00007ff8044a5000 	C:\WINDOWS\SYSTEM32\WINMM.dll
0x00007ff8044b0000 - 0x00007ff8044bb000 	C:\WINDOWS\SYSTEM32\VERSION.dll
0x00007ff80af60000 - 0x00007ff80af74000 	C:\WINDOWS\SYSTEM32\UMPDC.dll
0x00007ff809eb0000 - 0x00007ff809ecb000 	C:\WINDOWS\SYSTEM32\kernel.appcore.dll
0x00007fffed7c0000 - 0x00007fffed7ca000 	c:\Users\Rafael-PC\.vscode\extensions\redhat.java-1.53.0-win32-x64\jre\21.0.10-win32-x86_64\bin\jimage.dll
0x00007fffff2a0000 - 0x00007fffff4e2000 	C:\WINDOWS\SYSTEM32\DBGHELP.DLL
0x00007ff80d350000 - 0x00007ff80d6d2000 	C:\WINDOWS\System32\combase.dll
0x00007ff80d6e0000 - 0x00007ff80d7b7000 	C:\WINDOWS\System32\OLEAUT32.dll
0x00007ffff70c0000 - 0x00007ffff70fb000 	C:\WINDOWS\SYSTEM32\dbgcore.DLL
0x00007ff80c2b0000 - 0x00007ff80c355000 	C:\WINDOWS\System32\bcryptPrimitives.dll
0x00007fffe9980000 - 0x00007fffe998f000 	c:\Users\Rafael-PC\.vscode\extensions\redhat.java-1.53.0-win32-x64\jre\21.0.10-win32-x86_64\bin\instrument.dll
0x00007fffd4910000 - 0x00007fffd4930000 	c:\Users\Rafael-PC\.vscode\extensions\redhat.java-1.53.0-win32-x64\jre\21.0.10-win32-x86_64\bin\java.dll
0x00007ff80c670000 - 0x00007ff80cdcf000 	C:\WINDOWS\System32\SHELL32.dll
0x00007ff80b1e0000 - 0x00007ff80b34a000 	C:\WINDOWS\System32\wintypes.dll
0x00007ff80b8d0000 - 0x00007ff80c134000 	C:\WINDOWS\System32\windows.storage.dll
0x00007ff80cea0000 - 0x00007ff80cf97000 	C:\WINDOWS\System32\SHCORE.dll
0x00007ff80d950000 - 0x00007ff80d9b7000 	C:\WINDOWS\System32\shlwapi.dll
0x00007ff80b040000 - 0x00007ff80b069000 	C:\WINDOWS\SYSTEM32\profapi.dll
0x00007fffdcfb0000 - 0x00007fffdcfc8000 	c:\Users\Rafael-PC\.vscode\extensions\redhat.java-1.53.0-win32-x64\jre\21.0.10-win32-x86_64\bin\zip.dll
0x00007fffea950000 - 0x00007fffea960000 	C:\Users\Rafael-PC\.vscode\extensions\redhat.java-1.53.0-win32-x64\jre\21.0.10-win32-x86_64\bin\net.dll
0x00007ff806010000 - 0x00007ff806137000 	C:\WINDOWS\SYSTEM32\WINHTTP.dll
0x00007ff80a420000 - 0x00007ff80a48b000 	C:\WINDOWS\system32\mswsock.dll
0x00007fffada30000 - 0x00007fffada46000 	C:\Users\Rafael-PC\.vscode\extensions\redhat.java-1.53.0-win32-x64\jre\21.0.10-win32-x86_64\bin\nio.dll
0x00007fffe9630000 - 0x00007fffe9640000 	c:\Users\Rafael-PC\.vscode\extensions\redhat.java-1.53.0-win32-x64\jre\21.0.10-win32-x86_64\bin\verify.dll
0x00007fff34eb0000 - 0x00007fff34ef5000 	C:\Users\Rafael-PC\AppData\Roaming\Code\User\globalStorage\redhat.java\1.53.0\config_win\org.eclipse.equinox.launcher\org.eclipse.equinox.launcher.win32.win32.x86_64_1.3.0.v20260203-2149\eclipse_11919.dll
0x00007ff80cfa0000 - 0x00007ff80d135000 	C:\WINDOWS\System32\ole32.dll
0x00007ff80a710000 - 0x00007ff80a72b000 	C:\WINDOWS\SYSTEM32\CRYPTSP.dll
0x00007ff809e10000 - 0x00007ff809e49000 	C:\WINDOWS\system32\rsaenh.dll
0x00007ff80a4d0000 - 0x00007ff80a502000 	C:\WINDOWS\SYSTEM32\USERENV.dll
0x00007ff80b010000 - 0x00007ff80b03a000 	C:\WINDOWS\SYSTEM32\bcrypt.dll
0x00007ff80a700000 - 0x00007ff80a70c000 	C:\WINDOWS\SYSTEM32\CRYPTBASE.dll
0x00007ff809880000 - 0x00007ff8098b3000 	C:\WINDOWS\SYSTEM32\IPHLPAPI.DLL
0x00007ff80d2c0000 - 0x00007ff80d2ca000 	C:\WINDOWS\System32\NSI.dll
0x00007ffeef960000 - 0x00007ffeef9a9000 	C:\Users\Rafael-PC\AppData\Local\Temp\jna--1723838513\jna943052738191391597.dll
0x00007ff80e060000 - 0x00007ff80e068000 	C:\WINDOWS\System32\PSAPI.DLL
0x00007ff806260000 - 0x00007ff80627d000 	C:\WINDOWS\SYSTEM32\dhcpcsvc6.DLL
0x00007ff8061b0000 - 0x00007ff8061d3000 	C:\WINDOWS\SYSTEM32\dhcpcsvc.DLL

JVMTI agents:
c:\Users\Rafael-PC\.vscode\extensions\redhat.java-1.53.0-win32-x64\lombok\lombok-1.18.39-4050.jar path:c:\Users\Rafael-PC\.vscode\extensions\redhat.java-1.53.0-win32-x64\jre\21.0.10-win32-x86_64\bin\instrument.dll, loaded, initialized, instrumentlib options:none

dbghelp: loaded successfully - version: 4.0.5 - missing functions: none
symbol engine: initialized successfully - sym options: 0x614 - pdb path: .;c:\Users\Rafael-PC\.vscode\extensions\redhat.java-1.53.0-win32-x64\jre\21.0.10-win32-x86_64\bin;C:\WINDOWS\SYSTEM32;C:\WINDOWS\WinSxS\amd64_microsoft.windows.common-controls_6595b64144ccf1df_6.0.26100.8037_none_3e092faae333b53b;c:\Users\Rafael-PC\.vscode\extensions\redhat.java-1.53.0-win32-x64\jre\21.0.10-win32-x86_64\bin\server;C:\Users\Rafael-PC\AppData\Roaming\Code\User\globalStorage\redhat.java\1.53.0\config_win\org.eclipse.equinox.launcher\org.eclipse.equinox.launcher.win32.win32.x86_64_1.3.0.v20260203-2149;C:\Users\Rafael-PC\AppData\Local\Temp\jna--1723838513

VM Arguments:
jvm_args: --add-modules=ALL-SYSTEM --add-opens=java.base/java.util=ALL-UNNAMED --add-opens=java.base/java.lang=ALL-UNNAMED --add-opens=java.base/sun.nio.fs=ALL-UNNAMED -Declipse.application=org.eclipse.jdt.ls.core.id1 -Dosgi.bundles.defaultStartLevel=4 -Declipse.product=org.eclipse.jdt.ls.core.product -Djava.import.generatesMetadataFilesAtProjectRoot=false -DDetectVMInstallationsJob.disabled=true -Dfile.encoding=utf8 -XX:+UseParallelGC -XX:GCTimeRatio=4 -XX:AdaptiveSizePolicyWeight=90 -Dsun.zip.disableMemoryMapping=true -Xmx2G -Xms100m -Xlog:disable -javaagent:c:\Users\Rafael-PC\.vscode\extensions\redhat.java-1.53.0-win32-x64\lombok\lombok-1.18.39-4050.jar -XX:+HeapDumpOnOutOfMemoryError -XX:HeapDumpPath=c:\Users\Rafael-PC\AppData\Roaming\Code\User\workspaceStorage\27d047150b2450a5685d364ec241ba05\redhat.java -Daether.dependencyCollector.impl=bf 
java_command: c:\Users\Rafael-PC\.vscode\extensions\redhat.java-1.53.0-win32-x64\server\plugins\org.eclipse.equinox.launcher_1.7.100.v20251111-0406.jar -configuration c:\Users\Rafael-PC\AppData\Roaming\Code\User\globalStorage\redhat.java\1.53.0\config_win -data c:\Users\Rafael-PC\AppData\Roaming\Code\User\workspaceStorage\27d047150b2450a5685d364ec241ba05\redhat.java\jdt_ws --pipe=\\.\pipe\lsp-16304b7112803002aefd65304e3a068a-sock
java_class_path (initial): c:\Users\Rafael-PC\.vscode\extensions\redhat.java-1.53.0-win32-x64\server\plugins\org.eclipse.equinox.launcher_1.7.100.v20251111-0406.jar
Launcher Type: SUN_STANDARD

[Global flags]
    uintx AdaptiveSizePolicyWeight                 = 90                                        {product} {command line}
     intx CICompilerCount                          = 4                                         {product} {ergonomic}
    uintx GCTimeRatio                              = 4                                         {product} {command line}
     bool HeapDumpOnOutOfMemoryError               = true                                   {manageable} {command line}
    ccstr HeapDumpPath                             = c:\Users\Rafael-PC\AppData\Roaming\Code\User\workspaceStorage\27d047150b2450a5685d364ec241ba05\redhat.java         {manageable} {command line}
   size_t InitialHeapSize                          = 104857600                                 {product} {command line}
   size_t MaxHeapSize                              = 2147483648                                {product} {command line}
   size_t MaxNewSize                               = 715653120                                 {product} {ergonomic}
   size_t MinHeapDeltaBytes                        = 524288                                    {product} {ergonomic}
   size_t MinHeapSize                              = 104857600                                 {product} {command line}
   size_t NewSize                                  = 34603008                                  {product} {ergonomic}
    uintx NonNMethodCodeHeapSize                   = 5839372                                {pd product} {ergonomic}
    uintx NonProfiledCodeHeapSize                  = 122909434                              {pd product} {ergonomic}
   size_t OldSize                                  = 70254592                                  {product} {ergonomic}
    uintx ProfiledCodeHeapSize                     = 122909434                              {pd product} {ergonomic}
    uintx ReservedCodeCacheSize                    = 251658240                              {pd product} {ergonomic}
     bool SegmentedCodeCache                       = true                                      {product} {ergonomic}
   size_t SoftMaxHeapSize                          = 2147483648                             {manageable} {ergonomic}
     bool UseCompressedOops                        = true                           {product lp64_product} {ergonomic}
     bool UseLargePagesIndividualAllocation        = false                                  {pd product} {ergonomic}
     bool UseParallelGC                            = true                                      {product} {command line}

Logging:
Log output configuration:
 #0: stdout all=off uptime,level,tags foldmultilines=false
 #1: stderr all=off uptime,level,tags foldmultilines=false

Release file:
JAVA_VERSION="21.0.10" 
MODULES="java.base java.compiler java.datatransfer java.xml java.prefs java.desktop java.instrument java.logging java.management java.security.sasl java.naming java.rmi java.management.rmi java.net.http java.scripting java.security.jgss java.transaction.xa java.sql java.sql.rowset java.xml.crypto java.se java.smartcardio jdk.accessibility jdk.internal.jvmstat jdk.attach jdk.charsets jdk.internal.opt jdk.zipfs jdk.compiler jdk.crypto.ec jdk.crypto.cryptoki jdk.crypto.mscapi jdk.dynalink jdk.internal.ed jdk.editpad jdk.hotspot.agent jdk.httpserver jdk.internal.le jdk.internal.vm.ci jdk.internal.vm.compiler jdk.internal.vm.compiler.management jdk.jartool jdk.javadoc jdk.jcmd jdk.management jdk.management.agent jdk.jconsole jdk.jdeps jdk.jdwp.agent jdk.jdi jdk.jfr jdk.jshell jdk.jsobject jdk.jstatd jdk.localedata jdk.management.jfr jdk.naming.dns jdk.naming.rmi jdk.net jdk.nio.mapmode jdk.random jdk.sctp jdk.security.auth jdk.security.jgss jdk.unsupported jdk.unsupported.desktop jdk.xml.dom" 

Environment Variables:
PATH=C:\Users\Rafael-PC\AppData\Local\Programs\Microsoft VS Code;C:\Users\Rafael-PC\AppData\Local\Programs\Python\Python313\Scripts\;C:\Users\Rafael-PC\AppData\Local\Programs\Python\Python313\;C:\Program Files\Common Files\Oracle\Java\javapath;C:\Program Files (x86)\Common Files\Oracle\Java\javapath;C:\Program Files (x86)\Embarcadero\Studio\23.0\bin;C:\Users\Public\Documents\Embarcadero\Studio\23.0\Bpl;C:\Program Files (x86)\Embarcadero\Studio\23.0\bin64;C:\Users\Public\Documents\Embarcadero\Studio\23.0\Bpl\Win64;C:\WINDOWS\system32;C:\WINDOWS;C:\WINDOWS\System32\Wbem;C:\WINDOWS\System32\WindowsPowerShell\v1.0\;C:\WINDOWS\System32\OpenSSH\;C:\Program Files (x86)\Windows Kits\10\Windows Performance Toolkit\;C:\Program Files (x86)\ZeroTier\One\;C:\Program Files\dotnet\;C:\Program Files\nodejs\;C:\ProgramData\chocolatey\bin;C:\Users\Rafael-PC\AppData\Roaming\npm\;C:\Program Files (x86)\Microsoft SQL Server\160\Tools\Binn\;C:\Program Files\Microsoft SQL Server\160\Tools\Binn\;C:\Program Files\Microsoft SQL Server\Client SDK\ODBC\170\Tools\Binn\;C:\Program Files\Microsoft SQL Server\160\DTS\Binn\;C:\Program Files (x86)\Microsoft SQL Server\160\DTS\Binn\;C:\Program Files\Git\cmd;C:\flutter_windows_3.38.1-stable\flutter\bin;C:\Program Files\MySQL\MySQL Shell 8.0\bin\;C:\Users\Rafael-PC\AppData\Local\Programs\Python\Launcher\;C:\Users\Rafael-PC\AppData\Local\Microsoft\WindowsApps;C:\Users\Rafael-PC\AppData\Local\Programs\Microsoft VS Code\bin;C:\Users\Rafael-PC\AppData\Roaming\npm;C:\Users\Rafael-PC\AppData\Local\Muse Hub\lib;C:\Users\Rafael-PC\AppData\Local\Programs\Antigravity\bin;C:\Users\Rafael-PC\AppData\Local\Programs\cursor\resources\app\bin
USERNAME=Rafael-PC
OS=Windows_NT
PROCESSOR_IDENTIFIER=AMD64 Family 23 Model 104 Stepping 1, AuthenticAMD
TMP=C:\Users\RAFAEL~1\AppData\Local\Temp
TEMP=C:\Users\RAFAEL~1\AppData\Local\Temp




Periodic native trim disabled

---------------  S Y S T E M  ---------------

OS:
 Windows 11 , 64 bit Build 26100 (10.0.26100.7920)
OS uptime: 0 days 3:06 hours
Hyper-V role detected

CPU: total 12 (initial active 12) (12 cores per cpu, 2 threads per core) family 23 model 104 stepping 1 microcode 0x8608103, cx8, cmov, fxsr, ht, mmx, 3dnowpref, sse, sse2, sse3, ssse3, sse4a, sse4.1, sse4.2, popcnt, lzcnt, tsc, tscinvbit, avx, avx2, aes, clmul, bmi1, bmi2, adx, sha, fma, vzeroupper, clflush, clflushopt, hv, rdtscp, rdpid, f16c
Processor Information for the first 12 processors :
  Max Mhz: 2100, Current Mhz: 2100, Mhz Limit: 2100

Memory: 4k page, system-wide physical 23925M (3600M free)
TotalPageFile size 37543M (AvailPageFile size 0M)
current process WorkingSet (physical memory assigned to process): 185M, peak: 187M
current process commit charge ("private bytes"): 316M, peak: 317M

vm_info: OpenJDK 64-Bit Server VM (21.0.10+7-LTS) for windows-amd64 JRE (21.0.10+7-LTS), built on 2026-01-20T00:00:00Z by "admin" with MS VC++ 17.12 (VS2022)

END.
