#
# There is insufficient memory for the Java Runtime Environment to continue.
# Native memory allocation (malloc) failed to allocate 246656 bytes. Error detail: Chunk::new
# Possible reasons:
#   The system is out of physical RAM or swap space
#   This process is running with CompressedOops enabled, and the Java Heap may be blocking the growth of the native heap
# Possible solutions:
#   Reduce memory load on the system
#   Increase physical memory or swap space
#   Check if swap backing store is full
#   Decrease Java heap size (-Xmx/-Xms)
#   Decrease number of Java threads
#   Decrease Java thread stack sizes (-Xss)
#   Set larger code cache with -XX:ReservedCodeCacheSize=
#   JVM is running with Unscaled Compressed Oops mode in which the Java heap is
#     placed in the first 4GB address space. The Java Heap base address is the
#     maximum limit for the native heap growth. Please use -XX:HeapBaseMinAddress
#     to set the Java Heap base and to place the Java Heap above 4GB virtual address.
# This output file may be truncated or incomplete.
#
#  Out of Memory Error (arena.cpp:168), pid=3720, tid=26508
#
# JRE version: OpenJDK Runtime Environment Temurin-21.0.10+7 (21.0.10+7) (build 21.0.10+7-LTS)
# Java VM: OpenJDK 64-Bit Server VM Temurin-21.0.10+7 (21.0.10+7-LTS, mixed mode, sharing, tiered, compressed oops, compressed class ptrs, parallel gc, windows-amd64)
# No core dump will be written. Minidumps are not enabled by default on client versions of Windows
#

---------------  S U M M A R Y ------------

Command Line: --add-modules=ALL-SYSTEM --add-opens=java.base/java.util=ALL-UNNAMED --add-opens=java.base/java.lang=ALL-UNNAMED --add-opens=java.base/sun.nio.fs=ALL-UNNAMED -Declipse.application=org.eclipse.jdt.ls.core.id1 -Dosgi.bundles.defaultStartLevel=4 -Declipse.product=org.eclipse.jdt.ls.core.product -Djava.import.generatesMetadataFilesAtProjectRoot=false -DDetectVMInstallationsJob.disabled=true -Dfile.encoding=utf8 -XX:+UseParallelGC -XX:GCTimeRatio=4 -XX:AdaptiveSizePolicyWeight=90 -Dsun.zip.disableMemoryMapping=true -Xmx2G -Xms100m -Xlog:disable -javaagent:c:\Users\Rafael-PC\.vscode\extensions\redhat.java-1.53.0-win32-x64\lombok\lombok-1.18.39-4050.jar -XX:+HeapDumpOnOutOfMemoryError -XX:HeapDumpPath=c:\Users\Rafael-PC\AppData\Roaming\Code\User\workspaceStorage\27d047150b2450a5685d364ec241ba05\redhat.java -Daether.dependencyCollector.impl=bf c:\Users\Rafael-PC\.vscode\extensions\redhat.java-1.53.0-win32-x64\server\plugins\org.eclipse.equinox.launcher_1.7.100.v20251111-0406.jar -configuration c:\Users\Rafael-PC\AppData\Roaming\Code\User\globalStorage\redhat.java\1.53.0\config_win -data c:\Users\Rafael-PC\AppData\Roaming\Code\User\workspaceStorage\27d047150b2450a5685d364ec241ba05\redhat.java\jdt_ws --pipe=\\.\pipe\lsp-d0c4e43d5e87e17da37eb6755ef24eca-sock

Host: AMD Ryzen 5 5500U with Radeon Graphics         , 12 cores, 23G,  Windows 11 , 64 bit Build 26100 (10.0.26100.7920)
Time: Thu Apr  2 12:14:21 2026 Malay Peninsula Standard Time elapsed time: 4.534038 seconds (0d 0h 0m 4s)

---------------  T H R E A D  ---------------

Current thread (0x000001dc20e3cd90):  JavaThread "C2 CompilerThread1" daemon [_thread_in_native, id=26508, stack(0x00000057e0400000,0x00000057e0500000) (1024K)]


Current CompileTask:
C2:4534 3219       4       lombok.patcher.PatchScript::classMatches (41 bytes)

Stack: [0x00000057e0400000,0x00000057e0500000]
Native frames: (J=compiled Java code, j=interpreted, Vv=VM code, C=native code)
V  [jvm.dll+0x6d7a39]
V  [jvm.dll+0x8b4b26]
V  [jvm.dll+0x8b70de]
V  [jvm.dll+0x8b77c3]
V  [jvm.dll+0x284346]
V  [jvm.dll+0xc66ed]
V  [jvm.dll+0xc6c31]
V  [jvm.dll+0x2fb29e]
V  [jvm.dll+0x5fe884]
V  [jvm.dll+0x255b17]
V  [jvm.dll+0x255edd]
V  [jvm.dll+0x24e500]
V  [jvm.dll+0x24ba42]
V  [jvm.dll+0x1cb34e]
V  [jvm.dll+0x25b85d]
V  [jvm.dll+0x259dea]
V  [jvm.dll+0x3f857e]
V  [jvm.dll+0x85f59d]
V  [jvm.dll+0x6d626d]
C  [ucrtbase.dll+0x37b0]
C  [KERNEL32.DLL+0x2e8d7]
C  [ntdll.dll+0x8c48c]


---------------  P R O C E S S  ---------------

Threads class SMR info:
_java_thread_list=0x000001dc205f3b70, length=20, elements={
0x000001dbbfd79540, 0x000001dbc21c0fa0, 0x000001dbc21c1dc0, 0x000001dbc21c7a30,
0x000001dbc21c88f0, 0x000001dbc21cd9d0, 0x000001dbc21d01a0, 0x000001dbc21d6040,
0x000001dbc21dcc50, 0x000001dc1b194ae0, 0x000001dc1b223100, 0x000001dc20806c90,
0x000001dc2063ad50, 0x000001dc1af495f0, 0x000001dc20b65b10, 0x000001dc20d97160,
0x000001dc20bd1440, 0x000001dc20e3cd90, 0x000001dc1b2a5ef0, 0x000001dc20f1e010
}

Java Threads: ( => current thread )
  0x000001dbbfd79540 JavaThread "main"                              [_thread_blocked, id=22884, stack(0x00000057dea00000,0x00000057deb00000) (1024K)]
  0x000001dbc21c0fa0 JavaThread "Reference Handler"          daemon [_thread_blocked, id=7936, stack(0x00000057dee00000,0x00000057def00000) (1024K)]
  0x000001dbc21c1dc0 JavaThread "Finalizer"                  daemon [_thread_blocked, id=22988, stack(0x00000057def00000,0x00000057df000000) (1024K)]
  0x000001dbc21c7a30 JavaThread "Signal Dispatcher"          daemon [_thread_blocked, id=22584, stack(0x00000057df000000,0x00000057df100000) (1024K)]
  0x000001dbc21c88f0 JavaThread "Attach Listener"            daemon [_thread_blocked, id=20848, stack(0x00000057df100000,0x00000057df200000) (1024K)]
  0x000001dbc21cd9d0 JavaThread "Service Thread"             daemon [_thread_blocked, id=26676, stack(0x00000057df200000,0x00000057df300000) (1024K)]
  0x000001dbc21d01a0 JavaThread "Monitor Deflation Thread"   daemon [_thread_blocked, id=6076, stack(0x00000057df300000,0x00000057df400000) (1024K)]
  0x000001dbc21d6040 JavaThread "C2 CompilerThread0"         daemon [_thread_in_native, id=22128, stack(0x00000057df400000,0x00000057df500000) (1024K)]
  0x000001dbc21dcc50 JavaThread "C1 CompilerThread0"         daemon [_thread_blocked, id=25164, stack(0x00000057df500000,0x00000057df600000) (1024K)]
  0x000001dc1b194ae0 JavaThread "Common-Cleaner"             daemon [_thread_blocked, id=27148, stack(0x00000057df700000,0x00000057df800000) (1024K)]
  0x000001dc1b223100 JavaThread "Notification Thread"        daemon [_thread_blocked, id=27252, stack(0x00000057df800000,0x00000057df900000) (1024K)]
  0x000001dc20806c90 JavaThread "Active Thread: Equinox Container: ebd61cb2-a304-4d91-b75e-5ad5828470f5"        [_thread_blocked, id=18764, stack(0x00000057e0000000,0x00000057e0100000) (1024K)]
  0x000001dc2063ad50 JavaThread "Refresh Thread: Equinox Container: ebd61cb2-a304-4d91-b75e-5ad5828470f5" daemon [_thread_blocked, id=27716, stack(0x00000057dff00000,0x00000057e0000000) (1024K)]
  0x000001dc1af495f0 JavaThread "Framework Event Dispatcher: Equinox Container: ebd61cb2-a304-4d91-b75e-5ad5828470f5" daemon [_thread_blocked, id=27736, stack(0x00000057e0100000,0x00000057e0200000) (1024K)]
  0x000001dc20b65b10 JavaThread "Start Level: Equinox Container: ebd61cb2-a304-4d91-b75e-5ad5828470f5" daemon [_thread_in_native, id=25760, stack(0x00000057e0200000,0x00000057e0300000) (1024K)]
  0x000001dc20d97160 JavaThread "Bundle File Closer"         daemon [_thread_blocked, id=4400, stack(0x00000057e0700000,0x00000057e0800000) (1024K)]
  0x000001dc20bd1440 JavaThread "SCR Component Actor"        daemon [_thread_blocked, id=23800, stack(0x00000057e0300000,0x00000057e0400000) (1024K)]
=>0x000001dc20e3cd90 JavaThread "C2 CompilerThread1"         daemon [_thread_in_native, id=26508, stack(0x00000057e0400000,0x00000057e0500000) (1024K)]
  0x000001dc1b2a5ef0 JavaThread "Worker-JM"                         [_thread_blocked, id=25104, stack(0x00000057e0800000,0x00000057e0900000) (1024K)]
  0x000001dc20f1e010 JavaThread "C2 CompilerThread2"         daemon [_thread_in_native, id=26368, stack(0x00000057e0900000,0x00000057e0a00000) (1024K)]
Total: 20

Other Threads:
  0x000001dbc20b2bc0 VMThread "VM Thread"                           [id=22236, stack(0x00000057ded00000,0x00000057dee00000) (1024K)]
  0x000001dbc1faca00 WatcherThread "VM Periodic Task Thread"        [id=24412, stack(0x00000057dec00000,0x00000057ded00000) (1024K)]
  0x000001dbc213be80 WorkerThread "GC Thread#0"                     [id=28380, stack(0x00000057deb00000,0x00000057dec00000) (1024K)]
  0x000001dc204830b0 WorkerThread "GC Thread#1"                     [id=27068, stack(0x00000057df900000,0x00000057dfa00000) (1024K)]
  0x000001dc2077d620 WorkerThread "GC Thread#2"                     [id=26500, stack(0x00000057dfa00000,0x00000057dfb00000) (1024K)]
  0x000001dc203cf1b0 WorkerThread "GC Thread#3"                     [id=3088, stack(0x00000057dfb00000,0x00000057dfc00000) (1024K)]
  0x000001dc203cf560 WorkerThread "GC Thread#4"                     [id=15832, stack(0x00000057dfc00000,0x00000057dfd00000) (1024K)]
  0x000001dc203cf910 WorkerThread "GC Thread#5"                     [id=27084, stack(0x00000057dfd00000,0x00000057dfe00000) (1024K)]
  0x000001dc203cfcc0 WorkerThread "GC Thread#6"                     [id=24620, stack(0x00000057dfe00000,0x00000057dff00000) (1024K)]
  0x000001dc1b14ab90 WorkerThread "GC Thread#7"                     [id=24568, stack(0x00000057df600000,0x00000057df700000) (1024K)]
  0x000001dc20f9b6e0 WorkerThread "GC Thread#8"                     [id=28112, stack(0x00000057e0500000,0x00000057e0600000) (1024K)]
  0x000001dc20f9ba90 WorkerThread "GC Thread#9"                     [id=4244, stack(0x00000057e0600000,0x00000057e0700000) (1024K)]
Total: 12

Threads with active compile tasks:
C2 CompilerThread0  4564 3252       4       java.io.DataInputStream::readUnsignedByte (22 bytes)
C2 CompilerThread1  4564 3219       4       lombok.patcher.PatchScript::classMatches (41 bytes)
C2 CompilerThread2  4564 3247 %     4       java.io.DataInputStream::readUTF @ 92 (501 bytes)
Total: 3

VM state: not at safepoint (normal execution)

VM Mutex/Monitor currently owned by a thread: None

Heap address: 0x0000000080000000, size: 2048 MB, Compressed Oops mode: 32-bit

CDS archive(s) mapped at: [0x000001dbd9000000-0x000001dbd9ba0000-0x000001dbd9ba0000), size 12189696, SharedBaseAddress: 0x000001dbd9000000, ArchiveRelocationMode: 1.
Compressed class space mapped at: 0x000001dbda000000-0x000001dc1a000000, reserved size: 1073741824
Narrow klass base: 0x000001dbd9000000, Narrow klass shift: 0, Narrow klass range: 0x100000000

GC Precious Log:
 CardTable entry size: 512
 CPUs: 12 total, 12 available
 Memory: 23925M
 Large Page Support: Disabled
 NUMA Support: Disabled
 Compressed Oops: Enabled (32-bit)
 Alignments: Space 512K, Generation 512K, Heap 2M
 Heap Min Capacity: 100M
 Heap Initial Capacity: 100M
 Heap Max Capacity: 2G
 Pre-touch: Disabled
 Parallel Workers: 10

Heap:
 PSYoungGen      total 29184K, used 11163K [0x00000000d5580000, 0x00000000d7900000, 0x0000000100000000)
  eden space 25088K, 28% used [0x00000000d5580000,0x00000000d5c69950,0x00000000d6e00000)
  from space 4096K, 99% used [0x00000000d6e80000,0x00000000d727d680,0x00000000d7280000)
  to   space 5632K, 0% used [0x00000000d7380000,0x00000000d7380000,0x00000000d7900000)
 ParOldGen       total 68608K, used 7617K [0x0000000080000000, 0x0000000084300000, 0x00000000d5580000)
  object space 68608K, 11% used [0x0000000080000000,0x00000000807704b0,0x0000000084300000)
 Metaspace       used 15786K, committed 16384K, reserved 1114112K
  class space    used 1630K, committed 1920K, reserved 1048576K

Card table byte_map: [0x000001dbc1ac0000,0x000001dbc1ed0000] _byte_map_base: 0x000001dbc16c0000

Marking Bits: (ParMarkBitMap*) 0x00007fff3e793450
 Begin Bits: [0x000001dbd45d0000, 0x000001dbd65d0000)
 End Bits:   [0x000001dbd65d0000, 0x000001dbd85d0000)

Polling page: 0x000001dbc00d0000

Metaspace:

Usage:
  Non-class:     13.82 MB used.
      Class:      1.59 MB used.
       Both:     15.42 MB used.

Virtual space:
  Non-class space:       64.00 MB reserved,      14.12 MB ( 22%) committed,  1 nodes.
      Class space:        1.00 GB reserved,       1.88 MB ( <1%) committed,  1 nodes.
             Both:        1.06 GB reserved,      16.00 MB (  1%) committed. 

Chunk freelists:
   Non-Class:  1.45 MB
       Class:  13.95 MB
        Both:  15.41 MB

MaxMetaspaceSize: unlimited
CompressedClassSpaceSize: 1.00 GB
Initial GC threshold: 21.00 MB
Current GC threshold: 21.00 MB
CDS: on
 - commit_granule_bytes: 65536.
 - commit_granule_words: 8192.
 - virtual_space_node_default_size: 8388608.
 - enlarge_chunks_in_place: 1.
 - use_allocation_guard: 0.


Internal statistics:

num_allocs_failed_limit: 0.
num_arena_births: 438.
num_arena_deaths: 0.
num_vsnodes_births: 2.
num_vsnodes_deaths: 0.
num_space_committed: 256.
num_space_uncommitted: 0.
num_chunks_returned_to_freelist: 0.
num_chunks_taken_from_freelist: 981.
num_chunk_merges: 0.
num_chunk_splits: 620.
num_chunks_enlarged: 401.
num_inconsistent_stats: 0.

CodeHeap 'non-profiled nmethods': size=120000Kb used=1439Kb max_used=1439Kb free=118560Kb
 bounds [0x000001dbccdf0000, 0x000001dbcd060000, 0x000001dbd4320000]
CodeHeap 'profiled nmethods': size=120000Kb used=6619Kb max_used=6619Kb free=113380Kb
 bounds [0x000001dbc5320000, 0x000001dbc59a0000, 0x000001dbcc850000]
CodeHeap 'non-nmethods': size=5760Kb used=1263Kb max_used=1283Kb free=4496Kb
 bounds [0x000001dbcc850000, 0x000001dbccac0000, 0x000001dbccdf0000]
CodeCache: size=245760Kb, used=9321Kb, max_used=9341Kb, free=236436Kb
 total_blobs=3800, nmethods=3263, adapters=443, full_count=0
Compilation: enabled, stopped_count=0, restarted_count=0

Compilation events (20 events):
Event: 4.507 Thread 0x000001dbc21dcc50 nmethod 3232 0x000001dbc5986510 code [0x000001dbc59866e0, 0x000001dbc5986ba0]
Event: 4.507 Thread 0x000001dbc21dcc50 3229       3       org.eclipse.core.internal.registry.ConfigurationElementHandle::getConfigurationElement (18 bytes)
Event: 4.507 Thread 0x000001dbc21dcc50 nmethod 3229 0x000001dbc5986d10 code [0x000001dbc5986ec0, 0x000001dbc5987230]
Event: 4.507 Thread 0x000001dbc21dcc50 3230       3       org.eclipse.core.internal.registry.Handle::<init> (15 bytes)
Event: 4.507 Thread 0x000001dbc21dcc50 nmethod 3230 0x000001dbc5987310 code [0x000001dbc59874c0, 0x000001dbc5987648]
Event: 4.507 Thread 0x000001dbc21dcc50 3233       3       java.lang.invoke.DirectMethodHandle$Holder::invokeStatic (21 bytes)
Event: 4.507 Thread 0x000001dbc21dcc50 nmethod 3233 0x000001dbc5987710 code [0x000001dbc59878e0, 0x000001dbc5987dc0]
Event: 4.507 Thread 0x000001dbc21dcc50 3234       3       java.util.ArrayDeque::contains (80 bytes)
Event: 4.508 Thread 0x000001dbc21dcc50 nmethod 3234 0x000001dbc5987f10 code [0x000001dbc5988100, 0x000001dbc5988570]
Event: 4.518 Thread 0x000001dbc21dcc50 3235       3       java.lang.invoke.MethodHandleNatives::linkCallSite (65 bytes)
Event: 4.518 Thread 0x000001dbc21dcc50 nmethod 3235 0x000001dbc5988710 code [0x000001dbc5988900, 0x000001dbc5988e48]
Event: 4.518 Thread 0x000001dbc21dcc50 3236       3       java.lang.invoke.MethodHandleNatives::linkCallSiteImpl (119 bytes)
Event: 4.519 Thread 0x000001dbc21dcc50 nmethod 3236 0x000001dbc5989010 code [0x000001dbc5989240, 0x000001dbc5989ad0]
Event: 4.519 Thread 0x000001dbc21dcc50 3237       3       java.lang.invoke.ConstantCallSite::<init> (17 bytes)
Event: 4.519 Thread 0x000001dbc21dcc50 nmethod 3237 0x000001dbc5989e90 code [0x000001dbc598a040, 0x000001dbc598a2e0]
Event: 4.520 Thread 0x000001dbc21dcc50 3238       3       org.eclipse.core.internal.localstore.SafeChunkyInputStream::compare (45 bytes)
Event: 4.520 Thread 0x000001dbc21dcc50 nmethod 3238 0x000001dbc598a410 code [0x000001dbc598a5c0, 0x000001dbc598a828]
Event: 4.520 Thread 0x000001dbc21dcc50 3239       3       org.eclipse.core.internal.localstore.SafeChunkyInputStream::read (71 bytes)
Event: 4.521 Thread 0x000001dbc21dcc50 nmethod 3239 0x000001dbc598a990 code [0x000001dbc598aba0, 0x000001dbc598b020]
Event: 4.522 Thread 0x000001dbc21d6040 3240       4       java.util.Properties::loadConvert (540 bytes)

GC Heap History (10 events):
Event: 1.124 GC heap before
{Heap before GC invocations=1 (full 0):
 PSYoungGen      total 29696K, used 25600K [0x00000000d5580000, 0x00000000d7680000, 0x0000000100000000)
  eden space 25600K, 100% used [0x00000000d5580000,0x00000000d6e80000,0x00000000d6e80000)
  from space 4096K, 0% used [0x00000000d7280000,0x00000000d7280000,0x00000000d7680000)
  to   space 4096K, 0% used [0x00000000d6e80000,0x00000000d6e80000,0x00000000d7280000)
 ParOldGen       total 68608K, used 0K [0x0000000080000000, 0x0000000084300000, 0x00000000d5580000)
  object space 68608K, 0% used [0x0000000080000000,0x0000000080000000,0x0000000084300000)
 Metaspace       used 4340K, committed 4608K, reserved 1114112K
  class space    used 473K, committed 576K, reserved 1048576K
}
Event: 1.137 GC heap after
{Heap after GC invocations=1 (full 0):
 PSYoungGen      total 29696K, used 3335K [0x00000000d5580000, 0x00000000d7680000, 0x0000000100000000)
  eden space 25600K, 0% used [0x00000000d5580000,0x00000000d5580000,0x00000000d6e80000)
  from space 4096K, 81% used [0x00000000d6e80000,0x00000000d71c1e98,0x00000000d7280000)
  to   space 4096K, 0% used [0x00000000d7280000,0x00000000d7280000,0x00000000d7680000)
 ParOldGen       total 68608K, used 16K [0x0000000080000000, 0x0000000084300000, 0x00000000d5580000)
  object space 68608K, 0% used [0x0000000080000000,0x0000000080004000,0x0000000084300000)
 Metaspace       used 4340K, committed 4608K, reserved 1114112K
  class space    used 473K, committed 576K, reserved 1048576K
}
Event: 2.341 GC heap before
{Heap before GC invocations=2 (full 0):
 PSYoungGen      total 29696K, used 28935K [0x00000000d5580000, 0x00000000d7680000, 0x0000000100000000)
  eden space 25600K, 100% used [0x00000000d5580000,0x00000000d6e80000,0x00000000d6e80000)
  from space 4096K, 81% used [0x00000000d6e80000,0x00000000d71c1e98,0x00000000d7280000)
  to   space 4096K, 0% used [0x00000000d7280000,0x00000000d7280000,0x00000000d7680000)
 ParOldGen       total 68608K, used 16K [0x0000000080000000, 0x0000000084300000, 0x00000000d5580000)
  object space 68608K, 0% used [0x0000000080000000,0x0000000080004000,0x0000000084300000)
 Metaspace       used 7982K, committed 8256K, reserved 1114112K
  class space    used 830K, committed 960K, reserved 1048576K
}
Event: 2.350 GC heap after
{Heap after GC invocations=2 (full 0):
 PSYoungGen      total 29696K, used 4070K [0x00000000d5580000, 0x00000000d7680000, 0x0000000100000000)
  eden space 25600K, 0% used [0x00000000d5580000,0x00000000d5580000,0x00000000d6e80000)
  from space 4096K, 99% used [0x00000000d7280000,0x00000000d7679800,0x00000000d7680000)
  to   space 4096K, 0% used [0x00000000d6e80000,0x00000000d6e80000,0x00000000d7280000)
 ParOldGen       total 68608K, used 2081K [0x0000000080000000, 0x0000000084300000, 0x00000000d5580000)
  object space 68608K, 3% used [0x0000000080000000,0x0000000080208638,0x0000000084300000)
 Metaspace       used 7982K, committed 8256K, reserved 1114112K
  class space    used 830K, committed 960K, reserved 1048576K
}
Event: 2.991 GC heap before
{Heap before GC invocations=3 (full 0):
 PSYoungGen      total 29696K, used 29670K [0x00000000d5580000, 0x00000000d7680000, 0x0000000100000000)
  eden space 25600K, 100% used [0x00000000d5580000,0x00000000d6e80000,0x00000000d6e80000)
  from space 4096K, 99% used [0x00000000d7280000,0x00000000d7679800,0x00000000d7680000)
  to   space 4096K, 0% used [0x00000000d6e80000,0x00000000d6e80000,0x00000000d7280000)
 ParOldGen       total 68608K, used 2081K [0x0000000080000000, 0x0000000084300000, 0x00000000d5580000)
  object space 68608K, 3% used [0x0000000080000000,0x0000000080208638,0x0000000084300000)
 Metaspace       used 9435K, committed 9728K, reserved 1114112K
  class space    used 1008K, committed 1152K, reserved 1048576K
}
Event: 3.001 GC heap after
{Heap after GC invocations=3 (full 0):
 PSYoungGen      total 29696K, used 4087K [0x00000000d5580000, 0x00000000d7680000, 0x0000000100000000)
  eden space 25600K, 0% used [0x00000000d5580000,0x00000000d5580000,0x00000000d6e80000)
  from space 4096K, 99% used [0x00000000d6e80000,0x00000000d727dea8,0x00000000d7280000)
  to   space 4096K, 0% used [0x00000000d7280000,0x00000000d7280000,0x00000000d7680000)
 ParOldGen       total 68608K, used 4989K [0x0000000080000000, 0x0000000084300000, 0x00000000d5580000)
  object space 68608K, 7% used [0x0000000080000000,0x00000000804df778,0x0000000084300000)
 Metaspace       used 9435K, committed 9728K, reserved 1114112K
  class space    used 1008K, committed 1152K, reserved 1048576K
}
Event: 3.781 GC heap before
{Heap before GC invocations=4 (full 0):
 PSYoungGen      total 29696K, used 29687K [0x00000000d5580000, 0x00000000d7680000, 0x0000000100000000)
  eden space 25600K, 100% used [0x00000000d5580000,0x00000000d6e80000,0x00000000d6e80000)
  from space 4096K, 99% used [0x00000000d6e80000,0x00000000d727dea8,0x00000000d7280000)
  to   space 4096K, 0% used [0x00000000d7280000,0x00000000d7280000,0x00000000d7680000)
 ParOldGen       total 68608K, used 4989K [0x0000000080000000, 0x0000000084300000, 0x00000000d5580000)
  object space 68608K, 7% used [0x0000000080000000,0x00000000804df778,0x0000000084300000)
 Metaspace       used 11646K, committed 12032K, reserved 1114112K
  class space    used 1236K, committed 1408K, reserved 1048576K
}
Event: 3.786 GC heap after
{Heap after GC invocations=4 (full 0):
 PSYoungGen      total 29696K, used 4065K [0x00000000d5580000, 0x00000000d7680000, 0x0000000100000000)
  eden space 25600K, 0% used [0x00000000d5580000,0x00000000d5580000,0x00000000d6e80000)
  from space 4096K, 99% used [0x00000000d7280000,0x00000000d76785f8,0x00000000d7680000)
  to   space 4096K, 0% used [0x00000000d6e80000,0x00000000d6e80000,0x00000000d7280000)
 ParOldGen       total 68608K, used 6767K [0x0000000080000000, 0x0000000084300000, 0x00000000d5580000)
  object space 68608K, 9% used [0x0000000080000000,0x000000008069bff8,0x0000000084300000)
 Metaspace       used 11646K, committed 12032K, reserved 1114112K
  class space    used 1236K, committed 1408K, reserved 1048576K
}
Event: 4.396 GC heap before
{Heap before GC invocations=5 (full 0):
 PSYoungGen      total 29696K, used 29665K [0x00000000d5580000, 0x00000000d7680000, 0x0000000100000000)
  eden space 25600K, 100% used [0x00000000d5580000,0x00000000d6e80000,0x00000000d6e80000)
  from space 4096K, 99% used [0x00000000d7280000,0x00000000d76785f8,0x00000000d7680000)
  to   space 4096K, 0% used [0x00000000d6e80000,0x00000000d6e80000,0x00000000d7280000)
 ParOldGen       total 68608K, used 6767K [0x0000000080000000, 0x0000000084300000, 0x00000000d5580000)
  object space 68608K, 9% used [0x0000000080000000,0x000000008069bff8,0x0000000084300000)
 Metaspace       used 14767K, committed 15296K, reserved 1114112K
  class space    used 1517K, committed 1728K, reserved 1048576K
}
Event: 4.401 GC heap after
{Heap after GC invocations=5 (full 0):
 PSYoungGen      total 29184K, used 4085K [0x00000000d5580000, 0x00000000d7900000, 0x0000000100000000)
  eden space 25088K, 0% used [0x00000000d5580000,0x00000000d5580000,0x00000000d6e00000)
  from space 4096K, 99% used [0x00000000d6e80000,0x00000000d727d680,0x00000000d7280000)
  to   space 5632K, 0% used [0x00000000d7380000,0x00000000d7380000,0x00000000d7900000)
 ParOldGen       total 68608K, used 7617K [0x0000000080000000, 0x0000000084300000, 0x00000000d5580000)
  object space 68608K, 11% used [0x0000000080000000,0x00000000807704b0,0x0000000084300000)
 Metaspace       used 14767K, committed 15296K, reserved 1114112K
  class space    used 1517K, committed 1728K, reserved 1048576K
}

Dll operation events (9 events):
Event: 0.015 Loaded shared library c:\Users\Rafael-PC\.vscode\extensions\redhat.java-1.53.0-win32-x64\jre\21.0.10-win32-x86_64\bin\java.dll
Event: 0.090 Loaded shared library c:\Users\Rafael-PC\.vscode\extensions\redhat.java-1.53.0-win32-x64\jre\21.0.10-win32-x86_64\bin\zip.dll
Event: 0.118 Loaded shared library C:\Users\Rafael-PC\.vscode\extensions\redhat.java-1.53.0-win32-x64\jre\21.0.10-win32-x86_64\bin\instrument.dll
Event: 0.125 Loaded shared library C:\Users\Rafael-PC\.vscode\extensions\redhat.java-1.53.0-win32-x64\jre\21.0.10-win32-x86_64\bin\net.dll
Event: 0.130 Loaded shared library C:\Users\Rafael-PC\.vscode\extensions\redhat.java-1.53.0-win32-x64\jre\21.0.10-win32-x86_64\bin\nio.dll
Event: 0.136 Loaded shared library C:\Users\Rafael-PC\.vscode\extensions\redhat.java-1.53.0-win32-x64\jre\21.0.10-win32-x86_64\bin\zip.dll
Event: 0.164 Loaded shared library C:\Users\Rafael-PC\.vscode\extensions\redhat.java-1.53.0-win32-x64\jre\21.0.10-win32-x86_64\bin\jimage.dll
Event: 0.317 Loaded shared library c:\Users\Rafael-PC\.vscode\extensions\redhat.java-1.53.0-win32-x64\jre\21.0.10-win32-x86_64\bin\verify.dll
Event: 2.390 Loaded shared library C:\Users\Rafael-PC\AppData\Roaming\Code\User\globalStorage\redhat.java\1.53.0\config_win\org.eclipse.equinox.launcher\org.eclipse.equinox.launcher.win32.win32.x86_64_1.3.0.v20260203-2149\eclipse_11919.dll

Deoptimization events (20 events):
Event: 4.142 Thread 0x000001dc20b65b10 Uncommon trap: trap_request=0xffffff45 fr.pc=0x000001dbccf206e4 relative=0x0000000000000464
Event: 4.142 Thread 0x000001dc20b65b10 Uncommon trap: reason=unstable_if action=reinterpret pc=0x000001dbccf206e4 method=com.sun.org.apache.xerces.internal.impl.XMLEntityScanner.scanLiteral(ILcom/sun/org/apache/xerces/internal/xni/XMLString;Z)I @ 299 c2
Event: 4.142 Thread 0x000001dc20b65b10 DEOPT PACKING pc=0x000001dbccf206e4 sp=0x00000057e02fd820
Event: 4.142 Thread 0x000001dc20b65b10 DEOPT UNPACKING pc=0x000001dbcc8a3aa2 sp=0x00000057e02fd7b0 mode 2
Event: 4.385 Thread 0x000001dc20b65b10 Uncommon trap: trap_request=0xffffff45 fr.pc=0x000001dbcce45f00 relative=0x0000000000000e80
Event: 4.385 Thread 0x000001dc20b65b10 Uncommon trap: reason=unstable_if action=reinterpret pc=0x000001dbcce45f00 method=lombok.patcher.PatchScript.classMatches(Ljava/lang/String;Ljava/util/Collection;)Z @ 25 c2
Event: 4.385 Thread 0x000001dc20b65b10 DEOPT PACKING pc=0x000001dbcce45f00 sp=0x00000057e02f6d90
Event: 4.385 Thread 0x000001dc20b65b10 DEOPT UNPACKING pc=0x000001dbcc8a3aa2 sp=0x00000057e02f6d50 mode 2
Event: 4.389 Thread 0x000001dc20b65b10 Uncommon trap: trap_request=0xffffff45 fr.pc=0x000001dbccf44c64 relative=0x00000000000003e4
Event: 4.389 Thread 0x000001dc20b65b10 Uncommon trap: reason=unstable_if action=reinterpret pc=0x000001dbccf44c64 method=java.util.regex.Pattern$BmpCharPropertyGreedy.match(Ljava/util/regex/Matcher;ILjava/lang/CharSequence;)Z @ 73 c2
Event: 4.389 Thread 0x000001dc20b65b10 DEOPT PACKING pc=0x000001dbccf44c64 sp=0x00000057e02f5dd0
Event: 4.389 Thread 0x000001dc20b65b10 DEOPT UNPACKING pc=0x000001dbcc8a3aa2 sp=0x00000057e02f5d90 mode 2
Event: 4.457 Thread 0x000001dc20b65b10 Uncommon trap: trap_request=0xffffff45 fr.pc=0x000001dbccf0ff90 relative=0x0000000000000070
Event: 4.457 Thread 0x000001dc20b65b10 Uncommon trap: reason=unstable_if action=reinterpret pc=0x000001dbccf0ff90 method=java.lang.ref.ReferenceQueue.poll()Ljava/lang/ref/Reference; @ 4 c2
Event: 4.457 Thread 0x000001dc20b65b10 DEOPT PACKING pc=0x000001dbccf0ff90 sp=0x00000057e02f9100
Event: 4.457 Thread 0x000001dc20b65b10 DEOPT UNPACKING pc=0x000001dbcc8a3aa2 sp=0x00000057e02f9088 mode 2
Event: 4.493 Thread 0x000001dc20b65b10 Uncommon trap: trap_request=0xffffff45 fr.pc=0x000001dbcce90b54 relative=0x00000000000000b4
Event: 4.493 Thread 0x000001dc20b65b10 Uncommon trap: reason=unstable_if action=reinterpret pc=0x000001dbcce90b54 method=org.eclipse.osgi.container.ModuleRevisionBuilder.unmodifiableMap(Ljava/util/Map;)Ljava/util/Map; @ 27 c2
Event: 4.493 Thread 0x000001dc20b65b10 DEOPT PACKING pc=0x000001dbcce90b54 sp=0x00000057e02f9930
Event: 4.493 Thread 0x000001dc20b65b10 DEOPT UNPACKING pc=0x000001dbcc8a3aa2 sp=0x00000057e02f98b0 mode 2

Classes loaded (20 events):
Event: 4.470 Loading class java/text/MessageFormat
Event: 4.470 Loading class java/text/MessageFormat done
Event: 4.472 Loading class java/text/FieldPosition$Delegate
Event: 4.472 Loading class java/text/FieldPosition$Delegate done
Event: 4.473 Loading class java/text/MessageFormat$Field
Event: 4.473 Loading class java/text/MessageFormat$Field done
Event: 4.494 Loading class java/util/stream/SortedOps
Event: 4.494 Loading class java/util/stream/SortedOps done
Event: 4.494 Loading class java/util/stream/SortedOps$OfRef
Event: 4.495 Loading class java/util/stream/ReferencePipeline$StatefulOp
Event: 4.495 Loading class java/util/stream/ReferencePipeline$StatefulOp done
Event: 4.495 Loading class java/util/stream/SortedOps$OfRef done
Event: 4.496 Loading class java/util/stream/SortedOps$RefSortingSink
Event: 4.496 Loading class java/util/stream/SortedOps$AbstractRefSortingSink
Event: 4.496 Loading class java/util/stream/SortedOps$AbstractRefSortingSink done
Event: 4.496 Loading class java/util/stream/SortedOps$RefSortingSink done
Event: 4.513 Loading class java/util/zip/ZipOutputStream
Event: 4.513 Loading class java/util/zip/DeflaterOutputStream
Event: 4.513 Loading class java/util/zip/DeflaterOutputStream done
Event: 4.513 Loading class java/util/zip/ZipOutputStream done

Classes unloaded (0 events):
No events

Classes redefined (0 events):
No events

Internal exceptions (20 events):
Event: 1.993 Thread 0x000001dbbfd79540 Exception <a 'java/lang/ClassNotFoundException'{0x00000000d6a4c310}: sun/net/www/protocol/plurl/Handler> (0x00000000d6a4c310) 
thrown [s\src\hotspot\share\classfile\systemDictionary.cpp, line 312]
Event: 1.993 Thread 0x000001dbbfd79540 Exception <a 'java/lang/ClassNotFoundException'{0x00000000d6a4d190}: sun/net/www/protocol/plurl/Handler> (0x00000000d6a4d190) 
thrown [s\src\hotspot\share\classfile\systemDictionary.cpp, line 312]
Event: 2.383 Thread 0x000001dbbfd79540 Exception <a 'java/lang/UnsatisfiedLinkError'{0x00000000d55f2ea0}: 'void org.eclipse.equinox.launcher.JNIBridge._update_splash()'> (0x00000000d55f2ea0) 
thrown [s\src\hotspot\share\prims\nativeLookup.cpp, line 415]
Event: 2.472 Thread 0x000001dc2063ad50 Exception <a 'java/lang/NoSuchMethodError'{0x00000000d586b238}: 'void java.lang.invoke.DirectMethodHandle$Holder.invokeInterface(java.lang.Object, java.lang.Object, java.lang.Object)'> (0x00000000d586b238) 
thrown [s\src\hotspot\share\interpreter\linkResolver.cpp, line 773]
Event: 2.610 Thread 0x000001dc20b65b10 Exception <a 'java/lang/NoSuchMethodError'{0x00000000d5ccd970}: 'java.lang.Object java.lang.invoke.DirectMethodHandle$Holder.newInvokeSpecial(java.lang.Object, java.lang.Object, int, java.lang.Object)'> (0x00000000d5ccd970) 
thrown [s\src\hotspot\share\interpreter\linkResolver.cpp, line 773]
Event: 2.611 Thread 0x000001dc20b65b10 Exception <a 'java/lang/NoSuchMethodError'{0x00000000d5cd17a0}: 'java.lang.Object java.lang.invoke.DirectMethodHandle$Holder.invokeSpecial(java.lang.Object, java.lang.Object, java.lang.Object, int, java.lang.Object)'> (0x00000000d5cd17a0) 
thrown [s\src\hotspot\share\interpreter\linkResolver.cpp, line 773]
Event: 2.635 Thread 0x000001dc20b65b10 Exception <a 'java/lang/NoClassDefFoundError'{0x00000000d5d78798}: jakarta/servlet/ServletContainerInitializer> (0x00000000d5d78798) 
thrown [s\src\hotspot\share\classfile\systemDictionary.cpp, line 301]
Event: 2.676 Thread 0x000001dc20b65b10 Exception <a 'java/lang/ClassNotFoundException'{0x00000000d5edde18}: sun/util/logging/resources/spi/loggingProvider> (0x00000000d5edde18) 
thrown [s\src\hotspot\share\classfile\systemDictionary.cpp, line 312]
Event: 3.653 Thread 0x000001dc20b65b10 Exception <a 'java/lang/NullPointerException'{0x00000000d66f67f8}> (0x00000000d66f67f8) 
thrown [s\src\hotspot\share\interpreter\linkResolver.cpp, line 1372]
Event: 3.653 Thread 0x000001dc20b65b10 Exception <a 'java/lang/NullPointerException'{0x00000000d66f6ad8}> (0x00000000d66f6ad8) 
thrown [s\src\hotspot\share\interpreter\linkResolver.cpp, line 1372]
Event: 3.831 Thread 0x000001dc20b65b10 Exception <a 'java/lang/NoSuchMethodError'{0x00000000d57d6200}: 'long java.lang.invoke.DirectMethodHandle$Holder.invokeSpecial(java.lang.Object, java.lang.Object)'> (0x00000000d57d6200) 
thrown [s\src\hotspot\share\interpreter\linkResolver.cpp, line 773]
Event: 3.857 Thread 0x000001dc20b65b10 Exception <a 'java/lang/NoSuchMethodError'{0x00000000d5897738}: 'void java.lang.invoke.Invokers$Holder.invokeExact_MT(java.lang.Object, java.lang.Object, java.lang.Object)'> (0x00000000d5897738) 
thrown [s\src\hotspot\share\interpreter\linkResolver.cpp, line 773]
Event: 4.109 Thread 0x000001dc20b65b10 Exception <a 'java/io/FileNotFoundException'{0x00000000d61c1de0}> (0x00000000d61c1de0) 
thrown [s\src\hotspot\share\prims\jni.cpp, line 520]
Event: 4.262 Thread 0x000001dc20b65b10 Exception <a 'java/lang/NoSuchMethodError'{0x00000000d66a39a8}: 'java.lang.Object java.lang.invoke.Invokers$Holder.linkToTargetMethod(java.lang.Object, long, java.lang.Object)'> (0x00000000d66a39a8) 
thrown [s\src\hotspot\share\interpreter\linkResolver.cpp, line 773]
Event: 4.406 Thread 0x000001dc20b65b10 Exception <a 'java/lang/NoSuchMethodError'{0x00000000d55a3940}: 'java.lang.Object java.lang.invoke.DirectMethodHandle$Holder.invokeVirtual(java.lang.Object, java.lang.Object, java.lang.Object)'> (0x00000000d55a3940) 
thrown [s\src\hotspot\share\interpreter\linkResolver.cpp, line 773]
Event: 4.409 Thread 0x000001dc20b65b10 Exception <a 'java/lang/NoSuchMethodError'{0x00000000d55bbcd8}: 'java.lang.Object java.lang.invoke.DelegatingMethodHandle$Holder.reinvoke_L(java.lang.Object, java.lang.Object, java.lang.Object, java.lang.Object, int, int)'> (0x00000000d55bbcd8) 
thrown [s\src\hotspot\share\interpreter\linkResolver.cpp, line 773]
Event: 4.412 Thread 0x000001dc20b65b10 Exception <a 'java/lang/NoSuchMethodError'{0x00000000d55d87a8}: 'java.lang.Object java.lang.invoke.DirectMethodHandle$Holder.newInvokeSpecial(java.lang.Object, java.lang.Object, java.lang.Object, java.lang.Object, java.lang.Object, java.lang.Object)'> (0x00000000d55d87a8) 
thrown [s\src\hotspot\share\interpreter\linkResolver.cpp, line 773]
Event: 4.415 Thread 0x000001dc20b65b10 Exception <a 'java/lang/NoSuchMethodError'{0x00000000d56269c8}: 'void java.lang.invoke.Invokers$Holder.invokeExact_MT(java.lang.Object, java.lang.Object, java.lang.Object, java.lang.Object)'> (0x00000000d56269c8) 
thrown [s\src\hotspot\share\interpreter\linkResolver.cpp, line 773]
Event: 4.477 Thread 0x000001dc20b65b10 Exception <a 'java/io/FileNotFoundException'{0x00000000d58d75a8}> (0x00000000d58d75a8) 
thrown [s\src\hotspot\share\prims\jni.cpp, line 520]
Event: 4.479 Thread 0x000001dc20b65b10 Exception <a 'java/io/FileNotFoundException'{0x00000000d58df0a8}> (0x00000000d58df0a8) 
thrown [s\src\hotspot\share\prims\jni.cpp, line 520]

ZGC Phase Switch (0 events):
No events

VM Operations (20 events):
Event: 2.690 Executing non-safepoint VM operation: HandshakeAllThreads (Deoptimize)
Event: 2.690 Executing non-safepoint VM operation: HandshakeAllThreads (Deoptimize) done
Event: 2.709 Executing non-safepoint VM operation: HandshakeAllThreads (Deoptimize)
Event: 2.709 Executing non-safepoint VM operation: HandshakeAllThreads (Deoptimize) done
Event: 2.726 Executing non-safepoint VM operation: HandshakeAllThreads (Deoptimize)
Event: 2.726 Executing non-safepoint VM operation: HandshakeAllThreads (Deoptimize) done
Event: 2.991 Executing safepoint VM operation: ParallelGCFailedAllocation (Allocation Failure)
Event: 3.001 Executing safepoint VM operation: ParallelGCFailedAllocation (Allocation Failure) done
Event: 3.093 Executing non-safepoint VM operation: HandshakeAllThreads (Deoptimize)
Event: 3.094 Executing non-safepoint VM operation: HandshakeAllThreads (Deoptimize) done
Event: 3.758 Executing non-safepoint VM operation: HandshakeAllThreads (Deoptimize)
Event: 3.758 Executing non-safepoint VM operation: HandshakeAllThreads (Deoptimize) done
Event: 3.781 Executing safepoint VM operation: ParallelGCFailedAllocation (Allocation Failure)
Event: 3.787 Executing safepoint VM operation: ParallelGCFailedAllocation (Allocation Failure) done
Event: 4.222 Executing safepoint VM operation: ICBufferFull
Event: 4.222 Executing safepoint VM operation: ICBufferFull done
Event: 4.396 Executing safepoint VM operation: ParallelGCFailedAllocation (Allocation Failure)
Event: 4.401 Executing safepoint VM operation: ParallelGCFailedAllocation (Allocation Failure) done
Event: 4.495 Executing non-safepoint VM operation: HandshakeAllThreads (Deoptimize)
Event: 4.495 Executing non-safepoint VM operation: HandshakeAllThreads (Deoptimize) done

Memory protections (0 events):
No events

Nmethod flushes (0 events):
No events

Events (20 events):
Event: 0.104 Thread 0x000001dbc21dcc50 Thread added: 0x000001dc1b1480c0
Event: 0.121 Thread 0x000001dbbfd79540 Thread added: 0x000001dc1b194ae0
Event: 0.456 Thread 0x000001dbbfd79540 Thread added: 0x000001dc1b223100
Event: 0.549 Thread 0x000001dc1b1480c0 Thread added: 0x000001dc20014a80
Event: 0.907 Thread 0x000001dc20014a80 Thread exited: 0x000001dc20014a80
Event: 1.463 Thread 0x000001dbc21dcc50 Thread added: 0x000001dc2089ac90
Event: 1.867 Thread 0x000001dbbfd79540 Thread added: 0x000001dc20806c90
Event: 2.006 Thread 0x000001dc2089ac90 Thread exited: 0x000001dc2089ac90
Event: 2.337 Thread 0x000001dc1b1480c0 Thread exited: 0x000001dc1b1480c0
Event: 2.380 Thread 0x000001dbbfd79540 Thread added: 0x000001dc2063ad50
Event: 2.480 Thread 0x000001dc2063ad50 Thread added: 0x000001dc1af495f0
Event: 2.486 Thread 0x000001dbbfd79540 Thread added: 0x000001dc20b65b10
Event: 2.736 Thread 0x000001dbc21dcc50 Thread added: 0x000001dc20bd4570
Event: 2.737 Thread 0x000001dbc21dcc50 Thread added: 0x000001dc20bd4c20
Event: 3.089 Thread 0x000001dc20b65b10 Thread added: 0x000001dc20d97160
Event: 3.380 Thread 0x000001dc20bd4c20 Thread exited: 0x000001dc20bd4c20
Event: 3.388 Thread 0x000001dc20bd4570 Thread exited: 0x000001dc20bd4570
Event: 3.743 Thread 0x000001dc20b65b10 Thread added: 0x000001dc20bd1440
Event: 3.906 Thread 0x000001dbc21dcc50 Thread added: 0x000001dc20e3cd90
Event: 4.314 Thread 0x000001dc20b65b10 Thread added: 0x000001dc1b2a5ef0


Dynamic libraries:
0x00007ff6ca230000 - 0x00007ff6ca23e000 	c:\Users\Rafael-PC\.vscode\extensions\redhat.java-1.53.0-win32-x64\jre\21.0.10-win32-x86_64\bin\java.exe
0x00007ff80e840000 - 0x00007ff80eaa7000 	C:\WINDOWS\SYSTEM32\ntdll.dll
0x00007ff80d880000 - 0x00007ff80d949000 	C:\WINDOWS\System32\KERNEL32.DLL
0x00007ff80b4d0000 - 0x00007ff80b8c1000 	C:\WINDOWS\System32\KERNELBASE.dll
0x00007ff80c490000 - 0x00007ff80c5db000 	C:\WINDOWS\System32\ucrtbase.dll
0x00007fffe4990000 - 0x00007fffe49a8000 	c:\Users\Rafael-PC\.vscode\extensions\redhat.java-1.53.0-win32-x64\jre\21.0.10-win32-x86_64\bin\jli.dll
0x00007ff80e620000 - 0x00007ff80e7e5000 	C:\WINDOWS\System32\USER32.dll
0x00007ff80c140000 - 0x00007ff80c167000 	C:\WINDOWS\System32\win32u.dll
0x00007ff80e470000 - 0x00007ff80e49b000 	C:\WINDOWS\System32\GDI32.dll
0x00007ff80c360000 - 0x00007ff80c48b000 	C:\WINDOWS\System32\gdi32full.dll
0x00007ff80c170000 - 0x00007ff80c213000 	C:\WINDOWS\System32\msvcp_win.dll
0x00007fffe72f0000 - 0x00007fffe730e000 	c:\Users\Rafael-PC\.vscode\extensions\redhat.java-1.53.0-win32-x64\jre\21.0.10-win32-x86_64\bin\VCRUNTIME140.dll
0x00007ffff96d0000 - 0x00007ffff9963000 	C:\WINDOWS\WinSxS\amd64_microsoft.windows.common-controls_6595b64144ccf1df_6.0.26100.8037_none_3e092faae333b53b\COMCTL32.dll
0x00007ff80e3c0000 - 0x00007ff80e469000 	C:\WINDOWS\System32\msvcrt.dll
0x00007ff80d840000 - 0x00007ff80d871000 	C:\WINDOWS\System32\IMM32.DLL
0x00007fffedfd0000 - 0x00007fffedfdc000 	c:\Users\Rafael-PC\.vscode\extensions\redhat.java-1.53.0-win32-x64\jre\21.0.10-win32-x86_64\bin\vcruntime140_1.dll
0x00007fff46030000 - 0x00007fff460bd000 	c:\Users\Rafael-PC\.vscode\extensions\redhat.java-1.53.0-win32-x64\jre\21.0.10-win32-x86_64\bin\msvcp140.dll
0x00007fff3dad0000 - 0x00007fff3e871000 	c:\Users\Rafael-PC\.vscode\extensions\redhat.java-1.53.0-win32-x64\jre\21.0.10-win32-x86_64\bin\server\jvm.dll
0x00007ff80cde0000 - 0x00007ff80ce9b000 	C:\WINDOWS\System32\ADVAPI32.dll
0x00007ff80e310000 - 0x00007ff80e3b7000 	C:\WINDOWS\System32\sechost.dll
0x00007ff80d1a0000 - 0x00007ff80d2b8000 	C:\WINDOWS\System32\RPCRT4.dll
0x00007ff80d7c0000 - 0x00007ff80d834000 	C:\WINDOWS\System32\WS2_32.dll
0x00007ff80af80000 - 0x00007ff80afde000 	C:\WINDOWS\SYSTEM32\POWRPROF.dll
0x00007ff804470000 - 0x00007ff8044a5000 	C:\WINDOWS\SYSTEM32\WINMM.dll
0x00007ff8044b0000 - 0x00007ff8044bb000 	C:\WINDOWS\SYSTEM32\VERSION.dll
0x00007ff80af60000 - 0x00007ff80af74000 	C:\WINDOWS\SYSTEM32\UMPDC.dll
0x00007ff809eb0000 - 0x00007ff809ecb000 	C:\WINDOWS\SYSTEM32\kernel.appcore.dll
0x00007fffed7c0000 - 0x00007fffed7ca000 	c:\Users\Rafael-PC\.vscode\extensions\redhat.java-1.53.0-win32-x64\jre\21.0.10-win32-x86_64\bin\jimage.dll
0x00007fffff2a0000 - 0x00007fffff4e2000 	C:\WINDOWS\SYSTEM32\DBGHELP.DLL
0x00007ff80d350000 - 0x00007ff80d6d2000 	C:\WINDOWS\System32\combase.dll
0x00007ff80d6e0000 - 0x00007ff80d7b7000 	C:\WINDOWS\System32\OLEAUT32.dll
0x00007ffff70c0000 - 0x00007ffff70fb000 	C:\WINDOWS\SYSTEM32\dbgcore.DLL
0x00007ff80c2b0000 - 0x00007ff80c355000 	C:\WINDOWS\System32\bcryptPrimitives.dll
0x00007fffe9980000 - 0x00007fffe998f000 	c:\Users\Rafael-PC\.vscode\extensions\redhat.java-1.53.0-win32-x64\jre\21.0.10-win32-x86_64\bin\instrument.dll
0x00007fffd4910000 - 0x00007fffd4930000 	c:\Users\Rafael-PC\.vscode\extensions\redhat.java-1.53.0-win32-x64\jre\21.0.10-win32-x86_64\bin\java.dll
0x00007ff80c670000 - 0x00007ff80cdcf000 	C:\WINDOWS\System32\SHELL32.dll
0x00007ff80b1e0000 - 0x00007ff80b34a000 	C:\WINDOWS\System32\wintypes.dll
0x00007ff80b8d0000 - 0x00007ff80c134000 	C:\WINDOWS\System32\windows.storage.dll
0x00007ff80cea0000 - 0x00007ff80cf97000 	C:\WINDOWS\System32\SHCORE.dll
0x00007ff80d950000 - 0x00007ff80d9b7000 	C:\WINDOWS\System32\shlwapi.dll
0x00007ff80b040000 - 0x00007ff80b069000 	C:\WINDOWS\SYSTEM32\profapi.dll
0x00007fffdcfb0000 - 0x00007fffdcfc8000 	c:\Users\Rafael-PC\.vscode\extensions\redhat.java-1.53.0-win32-x64\jre\21.0.10-win32-x86_64\bin\zip.dll
0x00007fffea950000 - 0x00007fffea960000 	C:\Users\Rafael-PC\.vscode\extensions\redhat.java-1.53.0-win32-x64\jre\21.0.10-win32-x86_64\bin\net.dll
0x00007ff806010000 - 0x00007ff806137000 	C:\WINDOWS\SYSTEM32\WINHTTP.dll
0x00007ff80a420000 - 0x00007ff80a48b000 	C:\WINDOWS\system32\mswsock.dll
0x00007fffada30000 - 0x00007fffada46000 	C:\Users\Rafael-PC\.vscode\extensions\redhat.java-1.53.0-win32-x64\jre\21.0.10-win32-x86_64\bin\nio.dll
0x00007ff805530000 - 0x00007ff805540000 	c:\Users\Rafael-PC\.vscode\extensions\redhat.java-1.53.0-win32-x64\jre\21.0.10-win32-x86_64\bin\verify.dll
0x00007ff8053b0000 - 0x00007ff8053f5000 	C:\Users\Rafael-PC\AppData\Roaming\Code\User\globalStorage\redhat.java\1.53.0\config_win\org.eclipse.equinox.launcher\org.eclipse.equinox.launcher.win32.win32.x86_64_1.3.0.v20260203-2149\eclipse_11919.dll
0x00007ff80cfa0000 - 0x00007ff80d135000 	C:\WINDOWS\System32\ole32.dll

JVMTI agents:
c:\Users\Rafael-PC\.vscode\extensions\redhat.java-1.53.0-win32-x64\lombok\lombok-1.18.39-4050.jar path:c:\Users\Rafael-PC\.vscode\extensions\redhat.java-1.53.0-win32-x64\jre\21.0.10-win32-x86_64\bin\instrument.dll, loaded, initialized, instrumentlib options:none

dbghelp: loaded successfully - version: 4.0.5 - missing functions: none
symbol engine: initialized successfully - sym options: 0x614 - pdb path: .;c:\Users\Rafael-PC\.vscode\extensions\redhat.java-1.53.0-win32-x64\jre\21.0.10-win32-x86_64\bin;C:\WINDOWS\SYSTEM32;C:\WINDOWS\WinSxS\amd64_microsoft.windows.common-controls_6595b64144ccf1df_6.0.26100.8037_none_3e092faae333b53b;c:\Users\Rafael-PC\.vscode\extensions\redhat.java-1.53.0-win32-x64\jre\21.0.10-win32-x86_64\bin\server;C:\Users\Rafael-PC\AppData\Roaming\Code\User\globalStorage\redhat.java\1.53.0\config_win\org.eclipse.equinox.launcher\org.eclipse.equinox.launcher.win32.win32.x86_64_1.3.0.v20260203-2149

VM Arguments:
jvm_args: --add-modules=ALL-SYSTEM --add-opens=java.base/java.util=ALL-UNNAMED --add-opens=java.base/java.lang=ALL-UNNAMED --add-opens=java.base/sun.nio.fs=ALL-UNNAMED -Declipse.application=org.eclipse.jdt.ls.core.id1 -Dosgi.bundles.defaultStartLevel=4 -Declipse.product=org.eclipse.jdt.ls.core.product -Djava.import.generatesMetadataFilesAtProjectRoot=false -DDetectVMInstallationsJob.disabled=true -Dfile.encoding=utf8 -XX:+UseParallelGC -XX:GCTimeRatio=4 -XX:AdaptiveSizePolicyWeight=90 -Dsun.zip.disableMemoryMapping=true -Xmx2G -Xms100m -Xlog:disable -javaagent:c:\Users\Rafael-PC\.vscode\extensions\redhat.java-1.53.0-win32-x64\lombok\lombok-1.18.39-4050.jar -XX:+HeapDumpOnOutOfMemoryError -XX:HeapDumpPath=c:\Users\Rafael-PC\AppData\Roaming\Code\User\workspaceStorage\27d047150b2450a5685d364ec241ba05\redhat.java -Daether.dependencyCollector.impl=bf 
java_command: c:\Users\Rafael-PC\.vscode\extensions\redhat.java-1.53.0-win32-x64\server\plugins\org.eclipse.equinox.launcher_1.7.100.v20251111-0406.jar -configuration c:\Users\Rafael-PC\AppData\Roaming\Code\User\globalStorage\redhat.java\1.53.0\config_win -data c:\Users\Rafael-PC\AppData\Roaming\Code\User\workspaceStorage\27d047150b2450a5685d364ec241ba05\redhat.java\jdt_ws --pipe=\\.\pipe\lsp-d0c4e43d5e87e17da37eb6755ef24eca-sock
java_class_path (initial): c:\Users\Rafael-PC\.vscode\extensions\redhat.java-1.53.0-win32-x64\server\plugins\org.eclipse.equinox.launcher_1.7.100.v20251111-0406.jar
Launcher Type: SUN_STANDARD

[Global flags]
    uintx AdaptiveSizePolicyWeight                 = 90                                        {product} {command line}
     intx CICompilerCount                          = 4                                         {product} {ergonomic}
    uintx GCTimeRatio                              = 4                                         {product} {command line}
     bool HeapDumpOnOutOfMemoryError               = true                                   {manageable} {command line}
    ccstr HeapDumpPath                             = c:\Users\Rafael-PC\AppData\Roaming\Code\User\workspaceStorage\27d047150b2450a5685d364ec241ba05\redhat.java         {manageable} {command line}
   size_t InitialHeapSize                          = 104857600                                 {product} {command line}
   size_t MaxHeapSize                              = 2147483648                                {product} {command line}
   size_t MaxNewSize                               = 715653120                                 {product} {ergonomic}
   size_t MinHeapDeltaBytes                        = 524288                                    {product} {ergonomic}
   size_t MinHeapSize                              = 104857600                                 {product} {command line}
   size_t NewSize                                  = 34603008                                  {product} {ergonomic}
    uintx NonNMethodCodeHeapSize                   = 5839372                                {pd product} {ergonomic}
    uintx NonProfiledCodeHeapSize                  = 122909434                              {pd product} {ergonomic}
   size_t OldSize                                  = 70254592                                  {product} {ergonomic}
    uintx ProfiledCodeHeapSize                     = 122909434                              {pd product} {ergonomic}
    uintx ReservedCodeCacheSize                    = 251658240                              {pd product} {ergonomic}
     bool SegmentedCodeCache                       = true                                      {product} {ergonomic}
   size_t SoftMaxHeapSize                          = 2147483648                             {manageable} {ergonomic}
     bool UseCompressedOops                        = true                           {product lp64_product} {ergonomic}
     bool UseLargePagesIndividualAllocation        = false                                  {pd product} {ergonomic}
     bool UseParallelGC                            = true                                      {product} {command line}

Logging:
Log output configuration:
 #0: stdout all=off uptime,level,tags foldmultilines=false
 #1: stderr all=off uptime,level,tags foldmultilines=false

Release file:
JAVA_VERSION="21.0.10" 
MODULES="java.base java.compiler java.datatransfer java.xml java.prefs java.desktop java.instrument java.logging java.management java.security.sasl java.naming java.rmi java.management.rmi java.net.http java.scripting java.security.jgss java.transaction.xa java.sql java.sql.rowset java.xml.crypto java.se java.smartcardio jdk.accessibility jdk.internal.jvmstat jdk.attach jdk.charsets jdk.internal.opt jdk.zipfs jdk.compiler jdk.crypto.ec jdk.crypto.cryptoki jdk.crypto.mscapi jdk.dynalink jdk.internal.ed jdk.editpad jdk.hotspot.agent jdk.httpserver jdk.internal.le jdk.internal.vm.ci jdk.internal.vm.compiler jdk.internal.vm.compiler.management jdk.jartool jdk.javadoc jdk.jcmd jdk.management jdk.management.agent jdk.jconsole jdk.jdeps jdk.jdwp.agent jdk.jdi jdk.jfr jdk.jshell jdk.jsobject jdk.jstatd jdk.localedata jdk.management.jfr jdk.naming.dns jdk.naming.rmi jdk.net jdk.nio.mapmode jdk.random jdk.sctp jdk.security.auth jdk.security.jgss jdk.unsupported jdk.unsupported.desktop jdk.xml.dom" 

Environment Variables:
PATH=C:\Users\Rafael-PC\AppData\Local\Programs\Microsoft VS Code;C:\Users\Rafael-PC\AppData\Local\Programs\Python\Python313\Scripts\;C:\Users\Rafael-PC\AppData\Local\Programs\Python\Python313\;C:\Program Files\Common Files\Oracle\Java\javapath;C:\Program Files (x86)\Common Files\Oracle\Java\javapath;C:\Program Files (x86)\Embarcadero\Studio\23.0\bin;C:\Users\Public\Documents\Embarcadero\Studio\23.0\Bpl;C:\Program Files (x86)\Embarcadero\Studio\23.0\bin64;C:\Users\Public\Documents\Embarcadero\Studio\23.0\Bpl\Win64;C:\WINDOWS\system32;C:\WINDOWS;C:\WINDOWS\System32\Wbem;C:\WINDOWS\System32\WindowsPowerShell\v1.0\;C:\WINDOWS\System32\OpenSSH\;C:\Program Files (x86)\Windows Kits\10\Windows Performance Toolkit\;C:\Program Files (x86)\ZeroTier\One\;C:\Program Files\dotnet\;C:\Program Files\nodejs\;C:\ProgramData\chocolatey\bin;C:\Users\Rafael-PC\AppData\Roaming\npm\;C:\Program Files (x86)\Microsoft SQL Server\160\Tools\Binn\;C:\Program Files\Microsoft SQL Server\160\Tools\Binn\;C:\Program Files\Microsoft SQL Server\Client SDK\ODBC\170\Tools\Binn\;C:\Program Files\Microsoft SQL Server\160\DTS\Binn\;C:\Program Files (x86)\Microsoft SQL Server\160\DTS\Binn\;C:\Program Files\Git\cmd;C:\flutter_windows_3.38.1-stable\flutter\bin;C:\Program Files\MySQL\MySQL Shell 8.0\bin\;C:\Users\Rafael-PC\AppData\Local\Programs\Python\Launcher\;C:\Users\Rafael-PC\AppData\Local\Microsoft\WindowsApps;C:\Users\Rafael-PC\AppData\Local\Programs\Microsoft VS Code\bin;C:\Users\Rafael-PC\AppData\Roaming\npm;C:\Users\Rafael-PC\AppData\Local\Muse Hub\lib;C:\Users\Rafael-PC\AppData\Local\Programs\Antigravity\bin;C:\Users\Rafael-PC\AppData\Local\Programs\cursor\resources\app\bin
USERNAME=Rafael-PC
OS=Windows_NT
PROCESSOR_IDENTIFIER=AMD64 Family 23 Model 104 Stepping 1, AuthenticAMD
TMP=C:\Users\RAFAEL~1\AppData\Local\Temp
TEMP=C:\Users\RAFAEL~1\AppData\Local\Temp




Periodic native trim disabled

---------------  S Y S T E M  ---------------

OS:
 Windows 11 , 64 bit Build 26100 (10.0.26100.7920)
OS uptime: 0 days 3:06 hours
Hyper-V role detected

CPU: total 12 (initial active 12) (12 cores per cpu, 2 threads per core) family 23 model 104 stepping 1 microcode 0x8608103, cx8, cmov, fxsr, ht, mmx, 3dnowpref, sse, sse2, sse3, ssse3, sse4a, sse4.1, sse4.2, popcnt, lzcnt, tsc, tscinvbit, avx, avx2, aes, clmul, bmi1, bmi2, adx, sha, fma, vzeroupper, clflush, clflushopt, hv, rdtscp, rdpid, f16c
Processor Information for the first 12 processors :
  Max Mhz: 2100, Current Mhz: 2100, Mhz Limit: 2100

Memory: 4k page, system-wide physical 23925M (3505M free)
TotalPageFile size 37543M (AvailPageFile size 9M)
current process WorkingSet (physical memory assigned to process): 126M, peak: 126M
current process commit charge ("private bytes"): 269M, peak: 269M

vm_info: OpenJDK 64-Bit Server VM (21.0.10+7-LTS) for windows-amd64 JRE (21.0.10+7-LTS), built on 2026-01-20T00:00:00Z by "admin" with MS VC++ 17.12 (VS2022)

END.
